2026-02-05 17:33:51,995 - INFO - ======================================================================
2026-02-05 17:33:51,995 - INFO - TRUCK MARKET SCRAPER V2
2026-02-05 17:33:51,995 - INFO - ======================================================================
2026-02-05 17:33:51,996 - INFO - Database initialized from schema.sql
2026-02-05 17:33:51,996 - INFO - === PHASE 1: General Truck Search ===
2026-02-05 17:33:51,996 - INFO -   Searching detroit for Truck...
2026-02-05 17:33:53,685 - INFO -   Found 70 total, 10 new after filtering
2026-02-05 17:33:53,685 - INFO -     Fetching detail: 2021 CHEVROLET SILVERADO 1500 Work Truck4WD...
2026-02-05 17:33:56,002 - INFO -     Fetching detail: 2017 Chevrolet Silverado 3500HD Dually Work Truck Duramax Di...
2026-02-05 17:33:58,663 - INFO -     Fetching detail: 2017 Chevrolet Silverado 3500HD Dually Work Truck Duramax Di...
2026-02-05 17:34:02,042 - INFO -     Fetching detail: 2017 Chevrolet Silverado 3500HD Dually Work Truck Duramax Di...
2026-02-05 17:34:04,219 - INFO -     Fetching detail: 2019 Chevy Colorado Work Truck Crew Cab 4x4 -  157,302 miles...
2026-02-05 17:34:06,485 - INFO -     Fetching detail: 2023 Chevrolet Silverado 1500 - 47,000 Miles - 12 Months war...
2026-02-05 17:34:08,639 - INFO -     Fetching detail: 2020 Chevrolet Colorado WT 4WD V6...
2026-02-05 17:34:10,721 - INFO -     Fetching detail: 2022 Chevrolet Silverado 1500 Work Truck 2.7L 4WD...
2026-02-05 17:34:12,784 - INFO -     Fetching detail: 2021 CHEVY SILVERADO 4DRS 4X4 SCHUSTER A S 7444 FREMONT PIKE...
2026-02-05 17:34:14,791 - INFO -     Fetching detail: 2022 Chevrolet Colorado Ext. Cab - 53K MILES - 12 MONTHS WAR...
/opt/openclaw/.openclaw/workspace/truck-market/scraper_v2.py:164: DeprecationWarning: datetime.datetime.utcnow() is deprecated and scheduled for removal in a future version. Use timezone-aware objects to represent datetimes in UTC: datetime.datetime.now(datetime.UTC).
  now = datetime.utcnow().isoformat()
2026-02-05 17:34:17,064 - INFO -   Searching annarbor for Truck...
2026-02-05 17:34:17,816 - INFO -   Found 70 total, 0 new after filtering
2026-02-05 17:34:17,816 - INFO -   Searching lansing for Truck...
2026-02-05 17:34:19,012 - INFO -   Found 70 total, 0 new after filtering
2026-02-05 17:34:19,012 - INFO -   Searching toledo for Truck...
2026-02-05 17:34:20,257 - INFO -   Found 70 total, 0 new after filtering
2026-02-05 17:34:20,257 - INFO -   Searching saginaw for Truck...
2026-02-05 17:34:21,335 - INFO -   Found 70 total, 0 new after filtering
2026-02-05 17:34:21,335 - INFO -   Searching jackson for Truck...
2026-02-05 17:34:22,354 - INFO -   Found 70 total, 0 new after filtering
2026-02-05 17:34:22,354 - INFO -   Searching flint for Truck...
2026-02-05 17:34:23,364 - INFO -   Found 70 total, 0 new after filtering
2026-02-05 17:34:23,364 - INFO - Phase 1 complete: 10 unique listings
2026-02-05 17:34:23,364 - INFO - Detail pages fetched so far: 10
2026-02-05 17:34:23,364 - INFO - 
=== PHASE 2: Model-Specific Searches ===
2026-02-05 17:34:23,364 - INFO - 
Searching for Nissan Frontier:
2026-02-05 17:34:23,364 - INFO -   Searching detroit for Nissan Frontier...
2026-02-05 17:34:24,132 - INFO -   Found 2 total, 2 new after filtering
2026-02-05 17:34:24,132 - INFO -     Fetching detail: 2017 Nissan Frontier Pro - 4X - 154,101 miles!...
2026-02-05 17:34:26,175 - INFO -     Fetching detail: 2016 NISSAN FRONTIER SV CREW CAB...
2026-02-05 17:34:28,198 - INFO -   Searching annarbor for Nissan Frontier...
2026-02-05 17:34:28,787 - INFO -   Found 2 total, 0 new after filtering
2026-02-05 17:34:28,787 - INFO -   Searching lansing for Nissan Frontier...
2026-02-05 17:34:29,724 - INFO -   Found 2 total, 0 new after filtering
2026-02-05 17:34:29,724 - INFO -   Searching toledo for Nissan Frontier...
2026-02-05 17:34:30,723 - INFO -   Found 2 total, 0 new after filtering
2026-02-05 17:34:30,723 - INFO -   Searching saginaw for Nissan Frontier...
2026-02-05 17:34:32,050 - INFO -   Found 2 total, 0 new after filtering
2026-02-05 17:34:32,050 - INFO -   Searching jackson for Nissan Frontier...
2026-02-05 17:34:33,308 - INFO -   Found 2 total, 0 new after filtering
2026-02-05 17:34:33,308 - INFO -   Searching flint for Nissan Frontier...
2026-02-05 17:34:34,503 - INFO -   Found 2 total, 0 new after filtering
2026-02-05 17:34:34,504 - INFO - 
Searching for Toyota Tacoma:
2026-02-05 17:34:34,504 - INFO -   Searching detroit for Toyota Tacoma...
2026-02-05 17:34:35,766 - INFO -   Found 3 total, 1 new after filtering
2026-02-05 17:34:35,767 - INFO -     Fetching detail: 2016 toyato tacoma...
2026-02-05 17:34:37,880 - INFO -   Searching annarbor for Toyota Tacoma...
2026-02-05 17:34:38,451 - INFO -   Found 3 total, 0 new after filtering
2026-02-05 17:34:38,451 - INFO -   Searching lansing for Toyota Tacoma...
2026-02-05 17:34:39,487 - INFO -   Found 3 total, 0 new after filtering
2026-02-05 17:34:39,487 - INFO -   Searching toledo for Toyota Tacoma...
2026-02-05 17:34:40,345 - INFO -   Found 3 total, 0 new after filtering
2026-02-05 17:34:40,346 - INFO -   Searching saginaw for Toyota Tacoma...
2026-02-05 17:34:41,469 - INFO -   Found 3 total, 0 new after filtering
2026-02-05 17:34:41,469 - INFO -   Searching jackson for Toyota Tacoma...
2026-02-05 17:34:42,478 - INFO -   Found 3 total, 0 new after filtering
2026-02-05 17:34:42,478 - INFO -   Searching flint for Toyota Tacoma...
2026-02-05 17:34:43,407 - INFO -   Found 3 total, 0 new after filtering
2026-02-05 17:34:43,407 - INFO - 
Searching for Ford F-150:
2026-02-05 17:34:43,407 - INFO -   Searching detroit for Ford F-150...
2026-02-05 17:34:44,815 - INFO -   Found 78 total, 72 new after filtering
2026-02-05 17:34:44,816 - INFO -   Limiting to 50 detail page fetches (of 72)
2026-02-05 17:34:44,816 - INFO -     Fetching detail: 2014 FORD F-150 XLT...
2026-02-05 17:34:46,757 - INFO -     Fetching detail: 2015 Ford F150 XLT 4x4 only 149k miles!...
2026-02-05 17:34:48,843 - INFO -     Fetching detail: 2018 Ford F150 XLT 4x4 5.0L V8 140k miles...
2026-02-05 17:34:50,820 - INFO -     Fetching detail: 2014 Ford F-150 Platinum Crew Cab 4x4 - 159,950 miles!...
2026-02-05 17:34:52,905 - INFO -     Fetching detail: 2015 Ford F-150 Lariat 5.0L V8 4WD...
2026-02-05 17:34:55,082 - INFO -     Fetching detail: 2018 Ford F-150 XLT Extended Cab 4x4 -  186,440 miles!...
2026-02-05 17:34:57,337 - INFO -     Fetching detail: 2013 Ford F-150 F150 F 150  Guaranteed Credit Approval!  &am...
2026-02-05 17:34:59,420 - INFO -     Fetching detail: 2015 Ford F150 F 150 F-150 XLT FOR ONLY $338/mo...
2026-02-05 17:35:01,712 - INFO -     Fetching detail: 2018 Ford F-150 F150 F 150  Guaranteed Credit Approval!  &am...
2026-02-05 17:35:03,933 - INFO -     Fetching detail: 2014 Ford F-150...
2026-02-05 17:35:05,993 - INFO -     Fetching detail: 2021 Ford F-150 XLT...
2026-02-05 17:35:08,359 - INFO -     Fetching detail: 2019 Ford F150 Crew SPORT Long Bed(6.5 ft) Magma Red/Black R...
2026-02-05 17:35:10,415 - INFO -     Fetching detail: 2020 Ford F150 XL 114k miles RWD...
2026-02-05 17:35:12,595 - INFO -     Fetching detail: 2023 Ford F-150 XLT...
2026-02-05 17:35:14,708 - INFO -     Fetching detail: 2022 Ford F-150 XLT 3.5L V6 Hybrid 4WD...
2026-02-05 17:35:18,124 - INFO -     Fetching detail: 2013 Ford F-150...
2026-02-05 17:35:20,344 - INFO -     Fetching detail: 2017 FORD F-150 F150 F 150 RAPTOR - GUARANTEED APPROVAL!...
2026-02-05 17:35:22,734 - INFO -     Fetching detail: 2019 Ford F-150 XLT...
2026-02-05 17:35:25,137 - INFO -     Fetching detail: 2018 Ford F-150 Super Crew 4 x4...
2026-02-05 17:35:27,097 - INFO -     Fetching detail: 2013 FORD F150 LIMITED SUPERCREW CAB 4x4 - TOP OF THE LINE -...
2026-02-05 17:35:29,136 - INFO -     Fetching detail: 2019 Ford F-150 F150 F 150  Guaranteed Credit Approval!  &am...
2026-02-05 17:35:31,086 - INFO -     Fetching detail: 2018 FORD F-150 XL...
2026-02-05 17:35:33,229 - INFO -     Fetching detail: 2014 Ford F-150 XLT Crew Cab 4x4 - 138,997 miles!...
2026-02-05 17:35:35,610 - INFO -     Fetching detail: 2014 Ford F-150 XLT Crew Cab 4x4 - 138,997 miles!...
2026-02-05 17:35:38,067 - INFO -     Fetching detail: 2012 Ford F-150 Lariat Crew Cab 4x4 - 101K Miles &amp; Clean...
2026-02-05 17:35:40,316 - INFO -     Fetching detail: 2023 FORD F150 STX 2.7L 6 cil 6 1/2 bad...
2026-02-05 17:35:42,601 - INFO -     Fetching detail: 2014 Ford F-150 4x4 4WD F150 Crew cab SVT Raptor  4dr SuperC...
2026-02-05 17:35:44,929 - INFO -     Fetching detail: 2023 Ford F-150 XLT...
2026-02-05 17:35:46,860 - INFO -     Fetching detail: 2011 F-150 XLT 6.5&#39; Bed...
2026-02-05 17:35:49,204 - INFO -     Fetching detail: 2017 Ford F150 XLT RWD 5.0L V8...
2026-02-05 17:35:51,375 - INFO -     Fetching detail: 2018 Ford F150 XLT pickup Ingot Silver Metallic...
2026-02-05 17:35:53,529 - INFO -     Fetching detail: 2016 Ford F-150 XL SuperCab- 68K MILES - 12 MONTHS WARRANTY...
2026-02-05 17:35:55,808 - INFO -     Fetching detail: 2014 Ford F-150 FX4 Crew Cab 4x4!...
2026-02-05 17:35:57,924 - INFO -     Fetching detail: 2016 Ford F150 XL pickup Black...
2026-02-05 17:36:00,006 - INFO -     Fetching detail: 2012 FORD F-150 SVT RAPTOR 4X4 6.2L...
2026-02-05 17:36:02,260 - INFO -     Fetching detail: 2014 Ford F-150 F150 F 150  Guaranteed Credit Approval!  &am...
2026-02-05 17:36:04,262 - INFO -     Fetching detail: 2016 Ford F-150 XL 8-ft. Bed 2WD...
2026-02-05 17:36:06,251 - INFO -     Fetching detail: 2023 Ford F-150 XLT 2.7L V6 4WD...
2026-02-05 17:36:08,209 - INFO -     Fetching detail: 2012 Ford F150, 4 x 4...
2026-02-05 17:36:10,337 - INFO -     Fetching detail: 2018 f150 super cab...
2026-02-05 17:36:12,479 - INFO -     Fetching detail: 2011 Ford F-150...
2026-02-05 17:36:14,649 - INFO -     Fetching detail: 2012 Ford F-150 FX4 Crew Cab 4x4!...
2026-02-05 17:36:17,824 - INFO -     Fetching detail: 2024 Ford F-150 XL...
2026-02-05 17:36:20,089 - INFO -     Fetching detail: 2013 Ford F150 XLT...
2026-02-05 17:36:22,085 - INFO -     Fetching detail: 2021 Ford F150 - 5.0 Coyote...
2026-02-05 17:36:24,248 - INFO -     Fetching detail: 2012 Ford F-150 XL...
2026-02-05 17:36:26,498 - INFO -     Fetching detail: Used 2013 Ford F-150 XLT...
2026-02-05 17:36:28,541 - INFO -     Fetching detail: 2017 Ford F150 F 150 F-150 XLT FOR ONLY $428/mo...
2026-02-05 17:36:30,690 - INFO -     Fetching detail: 2014 Ford F-150 FX4 Crew Cab 4x4 - Clean Carfax &amp; 140K M...
2026-02-05 17:36:32,850 - INFO -     Fetching detail: 2018 Ford F-150 XLT 6.5-ft. Bed 4WD...
2026-02-05 17:36:35,296 - INFO -   Searching annarbor for Ford F-150...
2026-02-05 17:36:36,109 - INFO -   Found 78 total, 22 new after filtering
2026-02-05 17:36:36,109 - INFO -     Fetching detail: 2017 Ford F-150 XLT SuperCrew 6.5-ft. Bed 4WD...
2026-02-05 17:36:38,272 - INFO -     Fetching detail: 2023 Ford F-150 XLT...
2026-02-05 17:36:40,221 - INFO -     Fetching detail: 2015 Ford F-150 XLT...
2026-02-05 17:36:42,576 - INFO -     Fetching detail: 2015 f150 lariat V/8...
2026-02-05 17:36:44,733 - INFO -     Fetching detail: 2011 Ford F150 Limited...
2026-02-05 17:36:46,831 - INFO -     Fetching detail: 2013 Ford F-150 V8 5.0L XLT 4x4...
2026-02-05 17:36:49,336 - INFO -     Fetching detail: 2016 Ford F150 XLT Sport 4x4...
2026-02-05 17:36:51,292 - INFO -     Fetching detail: 2019 Ford F-150 4x4 4WD F150 Crew cab XLT  4dr SuperCrew 5.5...
2026-02-05 17:36:53,328 - INFO -     Fetching detail: 2020 Ford F150 XLT...
2026-02-05 17:36:55,597 - INFO -     Fetching detail: 2024 Ford F-150 XLT 3.5L V6 Hybrid 4WD...
2026-02-05 17:36:57,836 - INFO -     Fetching detail: 2019 ford f150 xlt...
2026-02-05 17:37:00,087 - INFO -     Fetching detail: 2016 Ford F150 XLT RWD Supercab 6cyl...
2026-02-05 17:37:02,237 - INFO -     Fetching detail: 2022 Ford F-150 XLT...
2026-02-05 17:37:04,387 - INFO -     Fetching detail: 2013 Ford F-150 XLT...
2026-02-05 17:37:06,669 - INFO -     Fetching detail: 2011 RAPTOR SVT 123K MILES...
2026-02-05 17:37:09,197 - INFO -     Fetching detail: 2012 FORD F-150 XL 4X4 SUPERCAB...
2026-02-05 17:37:11,410 - INFO -     Fetching detail: 2011 Ford F150 Super Cab Lariat...
2026-02-05 17:37:13,443 - INFO -     Fetching detail: 2013 Ford F150(4x4)...
2026-02-05 17:37:15,575 - INFO -     Fetching detail: 2018 Ford F-150 XL, a robust and versatile pickup truck that...
2026-02-05 17:37:17,620 - INFO -     Fetching detail: 2017 Ford F-150 XLT...
2026-02-05 17:37:19,981 - INFO -     Fetching detail: WE FINANCE! 2017 Ford F-150 XLT SuperCrew Sport 4WD...
2026-02-05 17:37:22,149 - INFO -     Fetching detail: 2018 FORD F-150 XLT 4X4 FINANCE AVAILABLE...
2026-02-05 17:37:24,541 - INFO -   Searching lansing for Ford F-150...
2026-02-05 17:37:26,213 - INFO -   Found 79 total, 1 new after filtering
2026-02-05 17:37:26,213 - INFO -     Fetching detail: 2012 Ford F-150 FX4 Crew Cab 4x4!...
2026-02-05 17:37:28,322 - INFO -   Searching toledo for Ford F-150...
2026-02-05 17:37:29,646 - INFO -   Found 79 total, 0 new after filtering
2026-02-05 17:37:29,646 - INFO -   Searching saginaw for Ford F-150...
2026-02-05 17:37:31,466 - INFO -   Found 79 total, 0 new after filtering
2026-02-05 17:37:31,466 - INFO -   Searching jackson for Ford F-150...
2026-02-05 17:37:33,390 - INFO -   Found 79 total, 0 new after filtering
2026-02-05 17:37:33,390 - INFO -   Searching flint for Ford F-150...
2026-02-05 17:37:34,601 - INFO -   Found 79 total, 0 new after filtering
2026-02-05 17:37:34,601 - INFO - 
Searching for Chevrolet Silverado:
2026-02-05 17:37:34,601 - INFO -   Searching detroit for Chevrolet Silverado...
2026-02-05 17:37:35,827 - INFO -   Found 90 total, 67 new after filtering
2026-02-05 17:37:35,827 - INFO -   Limiting to 50 detail page fetches (of 67)
2026-02-05 17:37:35,827 - INFO -     Fetching detail: 2019 CHEVROLET SILVERADO 1500 LTZ 4X4 V8...
2026-02-05 17:37:37,812 - INFO -     Fetching detail: 2018 Chevrolet Silverado 1500  FOR...
2026-02-05 17:37:39,944 - INFO -     Fetching detail: 2012 Chevy Silverado 1500 LT 4X4...
2026-02-05 17:37:42,204 - INFO -     Fetching detail: 2015 Chevrolet Chevy SILVERADO 2500 HEAVY DUTY...
2026-02-05 17:37:44,763 - INFO -     Fetching detail: 2019 CHEVROLET SILVERADO 1500 LD...
2026-02-05 17:37:47,013 - INFO -     Fetching detail: 2020 Chevrolet Chevy SILVERADO 2500 HEAVY DUTY LT...
2026-02-05 17:37:49,344 - INFO -     Fetching detail: 2017 Chevrolet Silverado 1500 LT Double Cab 4x4 50K Miles!...
2026-02-05 17:37:51,797 - INFO -     Fetching detail: 2020 Chevrolet Silverado 2500HD LT Crew Cab 4x4 - Duramax Di...
2026-02-05 17:37:53,929 - INFO -     Fetching detail: 2020 CHEVROLET SILVERADO 1500 LT TRAIL BOSS 5.3L 4X4 ($1795*...
2026-02-05 17:37:56,098 - INFO -     Fetching detail: 2014 CHEVROLET SILVERADO 1500 Z71...
2026-02-05 17:37:58,173 - INFO -     Fetching detail: 2013 Chevrolet Silverado 2500HD LT 4x4 4dr Crew Cab LB 44538...
2026-02-05 17:38:00,193 - INFO -     Fetching detail: 2019 Chevrolet Silverado 1500 Custom Crew Cab 4x4 - 97K Mile...
2026-02-05 17:38:03,093 - INFO -     Fetching detail: 2015 Chevy CHEVROLET SILVERADO 1500 CREW CAB LT PICKUP 4D 5 ...
2026-02-05 17:38:07,903 - INFO -     Fetching detail: 2012 CHEVROLET SILVERADO 1500 LT - GUARANTEED APPROVAL!...
2026-02-05 17:38:10,055 - INFO -     Fetching detail: 2014 CHEVROLET SILVERADO 2500 HD LTZ - GUARANTEED APPROVAL!...
2026-02-05 17:38:12,193 - INFO -     Fetching detail: 2012 Chevy Silverado Z71 4x4...
2026-02-05 17:38:14,158 - INFO -     Fetching detail: 2016 Chevrolet Silverado 1500 LT Double Cab 4x4!...
2026-02-05 17:38:16,680 - INFO -     Fetching detail: 2019 Chevrolet Silverado 1500 LT Double Cab 4x4 - 61K Miles!...
2026-02-05 17:38:18,860 - INFO -     Fetching detail: 2022 CHEVROLET SILVERADO 2500 CUSTOM  6.6L V8 DIESEL. CLEAN ...
2026-02-05 17:38:21,181 - INFO -     Fetching detail: 2019 Chevrolet Chevy Silverado 1500  Guaranteed Credit Appro...
2026-02-05 17:38:23,542 - INFO -     Fetching detail: 2013 chevrolet silverado 1500...
2026-02-05 17:38:25,826 - INFO -     Fetching detail: 2025 Chevrolet Silverado reg cab / short bed rare rare...
2026-02-05 17:38:27,975 - INFO -     Fetching detail: 2013 Chevrolet Silverado 1500 LS 4x4 4dr Extended Cab 6.5 ft...
2026-02-05 17:38:30,125 - INFO -     Fetching detail: 2019 Chevrolet Silverado 1500 4WD Crew Cab 147 LT...
2026-02-05 17:38:32,555 - INFO -     Fetching detail: 2018 Chevrolet Chevy SILVERADO 2500 HEAVY DUTY LTZ...
2026-02-05 17:38:35,272 - INFO -     Fetching detail: 2019 CHEVROLET SILVERADO 1500 LT V8 5.3L...
2026-02-05 17:38:38,111 - INFO -     Fetching detail: 2017 CHEVROLET SILVERADO LT 4X4 5.3L...
2026-02-05 17:38:40,148 - INFO -     Fetching detail: 2014 Chevrolet Silverado 1500 LT FOR...
2026-02-05 17:38:42,619 - INFO -     Fetching detail: 2016 Chevrolet Silverado 1500 LT FOR...
2026-02-05 17:38:44,974 - INFO -     Fetching detail: 2019 Chevrolet Silverado 1500 LTZ FOR ONLY $495/mo...
2026-02-05 17:38:47,329 - INFO -     Fetching detail: 2022 Chevrolet Silverado...
2026-02-05 17:38:49,552 - INFO -     Fetching detail: 2012 Chevrolet Silverado 1500...
2026-02-05 17:38:52,140 - INFO -     Fetching detail: 2018 CHEVROLET SILVERADO 1500 LT...
2026-02-05 17:38:54,597 - INFO -     Fetching detail: 2011 Chevrolet Silverado 1500 LT Regular Cab - Clean Carfax ...
2026-02-05 17:38:57,128 - INFO -     Fetching detail: 2014 Chevy Silverado rwd 4.3 v-6 dual cab...
2026-02-05 17:38:59,311 - INFO -     Fetching detail: CLEAN 2016 Silverado...
2026-02-05 17:39:01,532 - INFO -     Fetching detail: 2021 Chevy Chevrolet Silverado 1500 LT pickup Black...
2026-02-05 17:39:03,613 - INFO -     Fetching detail: 2021 CHEVROLET SILVERADO 2500HD LT Z71 6.6L V8 4X4 CLEAN CAR...
2026-02-05 17:39:05,965 - INFO -     Fetching detail: 2013 Chevrolet Silverado 1500 Work Truck 2WD...
2026-02-05 17:39:09,445 - INFO -     Fetching detail: 2017 CHEVROLET SILVERADO 1500...
2026-02-05 17:39:12,006 - INFO -     Fetching detail: 2015 Chevrolet Silverado 2500HD LTZ Crew Cab 4x4 - Duramax D...
2026-02-05 17:39:14,433 - INFO -     Fetching detail: 2019 CHEVROLET SILVERADO 1500 RST 5.3L V8 4X4 ( $1495*DN ) C...
2026-02-05 17:39:16,789 - INFO -     Fetching detail: 2025 Chevrolet Silverado 1500 RST 4WD...
2026-02-05 17:39:18,876 - INFO -     Fetching detail: 2019 Chevrolet Chevy SILVERADO 2500 HEAVY DUTY LT...
2026-02-05 17:39:20,884 - INFO -     Fetching detail: 2015 Chevrolet Chevy Silverado 1500  Guaranteed Credit Appro...
2026-02-05 17:39:23,160 - INFO -     Fetching detail: 2023 Chevrolet Silverado 2500HD Duramax Diesel Z-71 4x4 Crew...
2026-02-05 17:39:25,287 - INFO -     Fetching detail: 2022 Chevrolet Chevy SILVERADO 2500 CUSTOM...
2026-02-05 17:39:27,270 - INFO -     Fetching detail: 2015 Chevy 2500 4x4 pickup...
2026-02-05 17:39:29,618 - INFO -     Fetching detail: 2017 Chevrolet Chevy SILVERADO 3500 LTZ...
2026-02-05 17:39:31,960 - INFO -     Fetching detail: 2011 CHEVROLET SILVERADO LS 1500 4X4 CREW CAB...
2026-02-05 17:39:34,714 - INFO -   Searching annarbor for Chevrolet Silverado...
2026-02-05 17:39:36,087 - INFO -   Found 90 total, 17 new after filtering
2026-02-05 17:39:36,087 - INFO -     Fetching detail: 2022 Chevrolet Chevy Silverado 2500HD High Country 4x4 4dr C...
2026-02-05 17:39:38,349 - INFO -     Fetching detail: 2014 CHEVROLET SILVERADO 1500 Z71 2WD FINANCE AVAILABLE...
2026-02-05 17:39:41,452 - INFO -     Fetching detail: 2020 Chevrolet Chevy Silverado 2500HD LTZ 4x4 4dr Crew Cab L...
2026-02-05 17:39:43,412 - INFO -     Fetching detail: 2020 Chevrolet Chevy Silverado 3500HD LT 4x4 4dr Crew Cab LB...
2026-02-05 17:39:45,549 - INFO -     Fetching detail: 2024 Chevrolet Silverado 1500 High Country 6.2L V8 4WD...
2026-02-05 17:39:47,847 - INFO -     Fetching detail: 2021 Chevrolet Chevy SILVERADO 2500 HEAVY DUTY LTZ...
2026-02-05 17:39:50,282 - INFO -     Fetching detail: 2014 SILVERADO CREW Z71 98K MILES...
2026-02-05 17:39:52,488 - INFO -     Fetching detail: 2020 Chevrolet Chevy Silverado 2500HD LT 4x4 4dr Crew Cab SB...
2026-02-05 17:39:55,835 - INFO -     Fetching detail: 2020 Chevrolet Chevy Silverado 3500HD LTZ 4x4 4dr Crew Cab S...
2026-02-05 17:39:57,995 - INFO -     Fetching detail: 2020 Chevrolet Chevy Silverado 3500HD LTZ 4x4 4dr Crew Cab L...
2026-02-05 17:40:00,217 - INFO -     Fetching detail: 2012 CHEVROLET SILVERADO EXT CAB 4X4...
2026-02-05 17:40:02,205 - INFO -     Fetching detail: 2016 Chevrolet Silverado 1500 LT Pickup 4D 5 3/4 ft...
2026-02-05 17:40:04,414 - INFO -     Fetching detail: 2019 Chevrolet Silverado 1500 LD Work Truck 4x4 4dr Double C...
2026-02-05 17:40:06,664 - INFO -     Fetching detail: 2020 Chevrolet Silverado 1500 Work Truck Pickup 4D 6 1/2 ft...
2026-02-05 17:40:08,927 - INFO -     Fetching detail: 2018 Chevrolet Chevy Silverado 3500HD High Country 4x4 4dr C...
2026-02-05 17:40:11,289 - INFO -     Fetching detail: WE FINANCE! 2019 Chevrolet Silverado 1500 LD 4WD Double Cab ...
2026-02-05 17:40:14,064 - INFO -     Fetching detail: WE FINANCE! 2019 Chevrolet Silverado 1500 LD 4WD Double Cab ...
2026-02-05 17:40:16,187 - INFO -   Searching lansing for Chevrolet Silverado...
2026-02-05 17:40:17,782 - INFO -   Found 90 total, 0 new after filtering
2026-02-05 17:40:17,782 - INFO -   Searching toledo for Chevrolet Silverado...
2026-02-05 17:40:19,176 - INFO -   Found 90 total, 0 new after filtering
2026-02-05 17:40:19,176 - INFO -   Searching saginaw for Chevrolet Silverado...
2026-02-05 17:40:20,267 - INFO -   Found 90 total, 0 new after filtering
2026-02-05 17:40:20,267 - INFO -   Searching jackson for Chevrolet Silverado...
2026-02-05 17:40:21,620 - INFO -   Found 90 total, 0 new after filtering
2026-02-05 17:40:21,620 - INFO -   Searching flint for Chevrolet Silverado...
2026-02-05 17:40:22,839 - INFO -   Found 90 total, 0 new after filtering
2026-02-05 17:40:22,839 - INFO - 
Searching for Ram 1500:
2026-02-05 17:40:22,839 - INFO -   Searching detroit for Ram 1500...
2026-02-05 17:40:24,164 - INFO -   Found 99 total, 89 new after filtering
2026-02-05 17:40:24,164 - INFO -   Limiting to 50 detail page fetches (of 89)
2026-02-05 17:40:24,164 - INFO -     Fetching detail: 2014 Ram 1500 Tradesman 4X4...
2026-02-05 17:40:26,147 - INFO -     Fetching detail: 2015 Ram 1500 Sport Quad cab 4x4 - 181,762 miles!...
2026-02-05 17:40:28,095 - INFO -     Fetching detail: 2022 RAM 1500 Classic Warlock 3.6L V6 4WD...
2026-02-05 17:40:30,337 - INFO -     Fetching detail: 2015 Ram 1500 Tradesman Crew Cab 4x4 - 135,420 miles!...
2026-02-05 17:40:32,472 - INFO -     Fetching detail: 2012 Ram 1500 Laramie Longhorn Crew Cab 4x4 - Clean Carfax!...
2026-02-05 17:40:34,724 - INFO -     Fetching detail: 2012 Ram 1500 Sport Quad Cab 4x4 - 157,978 miles!...
2026-02-05 17:40:37,413 - INFO -     Fetching detail: 2014 Ram 1500 Crew Cab Outdoorsman 6ft bed...
2026-02-05 17:40:39,797 - INFO -     Fetching detail: 2014 Ram 1500 Tradesman Quad Cab 4x4 - 105K Miles!...
2026-02-05 17:40:42,915 - INFO -     Fetching detail: 2016 Ram 1500 Sport Crew Cab 4x4 -  212,698 miles!...
2026-02-05 17:40:45,093 - INFO -     Fetching detail: 2018 Ram 1500 Big Horn Crew Cab 4x4 -  140,763 miles!...
2026-02-05 17:40:47,346 - INFO -     Fetching detail: 2018 RAM 1500 BIG HORN 4WD...
2026-02-05 17:40:49,389 - INFO -     Fetching detail: 2018 Ram 1500 Sport Crew Cab 4x4 - Clean Carfax!...
2026-02-05 17:40:51,545 - INFO -     Fetching detail: 2019 Ram 1500 Big Horn Crew Cab 4x4 -  138,737 miles!...
2026-02-05 17:40:53,583 - INFO -     Fetching detail: 2021 Ram 1500 Classic Warlock Crew Cab 4x4 -  123,802 miles!...
2026-02-05 17:40:56,769 - INFO -     Fetching detail: 2017 Ram 1500 Big Horn Crew Cab 4x4 - Clean Carfax!...
2026-02-05 17:40:59,322 - INFO -     Fetching detail: 2021 RAM 1500 Big Horn 4x4 4dr Quad Cab 6.4 ft. SB Pickup EV...
2026-02-05 17:41:01,582 - INFO -     Fetching detail: 2014 Ram 1500 Limited Crew Cab 4x4 - 168K Miles!...
2026-02-05 17:41:03,800 - INFO -     Fetching detail: 2013 Ram 1500 Laramie Longhorn Crew Cab 4x4!...
2026-02-05 17:41:06,830 - INFO -     Fetching detail: 2018 Ram 1500 Sport Crew Cab 4x4 - Clean Carfax &amp; 104K M...
2026-02-05 17:41:09,031 - INFO -     Fetching detail: 2018 Ram 1500 Outdoorsman Crew Cab 4x4 - 147K Miles!...
2026-02-05 17:41:11,297 - INFO -     Fetching detail: 2014 Ram 1500 Outdoorsman Crew Cab 4x4 - 106K Miles &amp; Cl...
2026-02-05 17:41:13,429 - INFO -     Fetching detail: 2018 RAM 1500 Sport  Guaranteed Credit Approval!...
2026-02-05 17:41:15,612 - INFO -     Fetching detail: 2013 RAM 1500 Tradesman Quad Cab 4x4 -  22,963 miles!...
2026-02-05 17:41:18,274 - INFO -     Fetching detail: 2014 Ram 1500 Longhorn - Powerful &amp; Luxurious Pickup...
2026-02-05 17:41:20,424 - INFO -     Fetching detail: 2017 Dodge Ram 1500 Tradesman Double Cab 4x4 - 139K Miles!...
2026-02-05 17:41:22,568 - INFO -     Fetching detail: 2017 Dodge Ram 1500 Tradesman Double Cab 4x4 - 139K Miles!...
2026-02-05 17:41:25,110 - INFO -     Fetching detail: 2013 Ram 1500 Laramie Crew Cab 4x4 - Clean Carfax!...
2026-02-05 17:41:27,361 - INFO -     Fetching detail: 2015 Ram 1500 Sport Crew Cab 4x4 - Clean Carfax!...
2026-02-05 17:41:29,365 - INFO -     Fetching detail: 2015 Ram 1500 Sport Crew Cab 4x4 - Clean Carfax!...
2026-02-05 17:41:31,515 - INFO -     Fetching detail: 2019 Dodge Ram 1500 Sport Crew Cab 4x4 - Clean Carfax!...
2026-02-05 17:41:33,543 - INFO -     Fetching detail: 2019 Ram Big Horn Crew Cab 4X4 20” Chromes Electric Blue NO ...
2026-02-05 17:41:35,858 - INFO -     Fetching detail: 2024 RAM 1500 Big Horn/Lone Star 3.6L V6 Hybrid 4WD...
2026-02-05 17:41:38,009 - INFO -     Fetching detail: 2011 Ram 1500 ST 4x4 4dr Quad Cab 6.3 ft. SB Pickup...
2026-02-05 17:41:40,367 - INFO -     Fetching detail: 2015 RAM 1500 EXPRESS - GUARANTEED APPROVAL!...
2026-02-05 17:41:42,618 - INFO -     Fetching detail: 2018 RAM 1500 SPORT NIGHT EDITION - GUARANTEED APPROVAL!...
2026-02-05 17:41:44,696 - INFO -     Fetching detail: 2019 Ram 1500 Limited Crew Cab 4x4 - 158K Miles!...
2026-02-05 17:41:46,931 - INFO -     Fetching detail: 2017 RAM 1500 DS  Guaranteed Credit Approval!...
2026-02-05 17:41:49,146 - INFO -     Fetching detail: 2019 RAM 1500 REBEL 5.7L HEMI 4X4 CLEAN CARFAX ( $1495*DN ) ...
2026-02-05 17:41:52,049 - INFO -     Fetching detail: 2014 Ram 1500 Laramie Longhorn Crew Cab 4x4 - Clean Carfax!...
2026-02-05 17:41:54,413 - INFO -     Fetching detail: 2013 Ram 1500 Sport Crew Cab 4x4 - Only 80K Miles!...
2026-02-05 17:41:56,872 - INFO -     Fetching detail: 2017 RAM 1500 DS  Guaranteed Credit Approval!...
2026-02-05 17:41:59,136 - INFO -     Fetching detail: 2022 RAM 1500 Classic Tradesman 4x2 4dr Quad Cab 6.3 ft. SB ...
2026-02-05 17:42:01,320 - INFO -     Fetching detail: 2021 RAM 1500 Big Horn/Lone Star 5.7L V8 4WD...
2026-02-05 17:42:03,542 - INFO -     Fetching detail: 2016 Ram 1500 Sport Crew Cab 4x4 - 142K Miles!...
2026-02-05 17:42:05,600 - INFO -     Fetching detail: 2014 Ram 1500 Tradesman Quad Cab 4x4 - Clean Carfax!...
2026-02-05 17:42:07,810 - INFO -     Fetching detail: 2012 Ram 1500 Big Horn Crew Cab 4x4 - 146K Miles!...
2026-02-05 17:42:09,860 - INFO -     Fetching detail: 2018 Ram 1500 Big Horn Crew Cab 4x4 - 117K Miles!...
2026-02-05 17:42:11,962 - INFO -     Fetching detail: 2021 RAM 1500 4x4 4WD Dodge Big Horn  4dr Crew Cab 5.6 ft. S...
2026-02-05 17:42:14,167 - INFO -     Fetching detail: 2014 RAM 1500 Outdoorsman Quad Cab 4x4 - 109,398 miles!...
2026-02-05 17:42:16,646 - INFO -     Fetching detail: 2011 Dodge Ram SLT.HEMI  4x4. 150k. Sharp truck...
2026-02-05 17:42:19,066 - INFO -   Searching annarbor for Ram 1500...
2026-02-05 17:42:20,885 - INFO -   Found 99 total, 39 new after filtering
2026-02-05 17:42:20,885 - INFO -     Fetching detail: 2015 Dodge RAM SLT. Hemi.  140k miles. Very clean...
2026-02-05 17:42:23,202 - INFO -     Fetching detail: 2015 Ram 1500 Quad Cab Big Horn 1 Owner...
2026-02-05 17:42:25,409 - INFO -     Fetching detail: 2021 Ram 1500 Classic Warlock pickup Diamond Black Crystal P...
2026-02-05 17:42:27,789 - INFO -     Fetching detail: 2013 RAM 1500 Big Horn Pickup 4D 5 1/2 ft...
2026-02-05 17:42:30,037 - INFO -     Fetching detail: 2017 Ram 1500 Rebel Crew Cab 4x4 - 77K Miles!...
2026-02-05 17:42:32,207 - INFO -     Fetching detail: 2017 Ram 1500 Express Quad Cab 4x4 - Clean Carfax!...
2026-02-05 17:42:34,346 - INFO -     Fetching detail: 2015 Dodge RAM SLT. Hemi.  140k miles. Very clean...
2026-02-05 17:42:36,411 - INFO -     Fetching detail: 2011 Dodge Ram SLT.HEMI  4x4. 150k. Sharp truck...
2026-02-05 17:42:38,582 - INFO -     Fetching detail: 2021 Ram Promaster 1500...
2026-02-05 17:42:40,573 - INFO -     Fetching detail: 2015 RAM 1500 SPORT 4X4 5.7L...
2026-02-05 17:42:43,140 - INFO -     Fetching detail: 2020 Ram 1500 Limited pickup Ivory White Tri-Coat Pearlcoat...
2026-02-05 17:42:46,220 - INFO -     Fetching detail: 2016 Ram 1500 Express SHORT BOX 4x4!! CLEAN!!...
2026-02-05 17:42:48,363 - INFO -     Fetching detail: 2015 Ram 1500 Outdoorsman SLT 4x4 crew cab!...
2026-02-05 17:42:50,393 - INFO -     Fetching detail: 2021 RAM 1500 BIG HORN EXTENDED CAB...
2026-02-05 17:42:52,439 - INFO -     Fetching detail: 2014 RAM 1500  Guaranteed Credit Approval!...
2026-02-05 17:42:54,784 - INFO -     Fetching detail: 2021 RAM 1500 LARAMIE 4X4 LOADED 15K FINANCE AVAILABLE...
2026-02-05 17:42:56,856 - INFO -     Fetching detail: 2019 RAM 1500  Guaranteed Credit Approval!...
2026-02-05 17:42:58,978 - INFO -     Fetching detail: 2015 RAM 1500 Express 4x4 4dr Quad Cab 6.3 ft. SB Pickup...
2026-02-05 17:43:00,960 - INFO -     Fetching detail: 2015 RAM 1500 Express 4x4 4dr Crew Cab 5.5 ft. SB Pickup...
2026-02-05 17:43:03,447 - INFO -     Fetching detail: 2012 RAM 1500 SLT Pickup 4D 5 1/2 ft...
2026-02-05 17:43:05,833 - INFO -     Fetching detail: 2016 RAM 1500  Guaranteed Credit Approval!...
2026-02-05 17:43:08,199 - INFO -     Fetching detail: 2017 Ram 1500 Express Crew Cab 4x4 - 123K Miles!...
2026-02-05 17:43:10,460 - INFO -     Fetching detail: 2017 RAM 1500 Express 4x4 Crew Cab 57 Box...
2026-02-05 17:43:12,588 - INFO -     Fetching detail: 2017 RAM 1500  Guaranteed Credit Approval!...
2026-02-05 17:43:14,667 - INFO -     Fetching detail: 2023 RAM PROMASTER 1500 136&quot; WB - High Roof...
2026-02-05 17:43:16,989 - INFO -     Fetching detail: 2012 DODGE RAM 1500 QUAD CAB SPORT...
2026-02-05 17:43:19,144 - INFO -     Fetching detail: 2014 RAM Big Horn 4x4 4dr Crew Cab 6.3 ft. SB Pickup...
2026-02-05 17:43:21,438 - INFO -     Fetching detail: 2019 Ram Promaster Handicap Van...
2026-02-05 17:43:23,387 - INFO -     Fetching detail: 2014 DODGE RAM 1500 LARAMIE LONGHORN 132K $17995...
2026-02-05 17:43:25,961 - INFO -     Fetching detail: 2015 Ram 1500 Laramie LOADED NICE 4x4!...
2026-02-05 17:43:28,199 - INFO -     Fetching detail: 2015 Dodge Ram...
2026-02-05 17:43:30,686 - INFO -     Fetching detail: 2014 Dodge Ram 1500...
2026-02-05 17:43:33,146 - INFO -     Fetching detail: 2020 Ram 1500 Limited...
2026-02-05 17:43:35,457 - INFO -     Fetching detail: 2012 Dodge Ram Truck 1500...
2026-02-05 17:43:37,725 - INFO -     Fetching detail: 2019 RAM 1500 Crew Cab Laramie 5.7 Hemi V8...
2026-02-05 17:43:39,877 - INFO -     Fetching detail: 2014 Ram 1500 Express CREW CAB Hemi 4x4 WOW!...
2026-02-05 17:43:41,951 - INFO -     Fetching detail: 2014 Dodge Ram Express 4x4 4dr Quad Cab 6.3 ft. SB Pickup...
2026-02-05 17:43:44,307 - INFO -     Fetching detail: 2013 Ram Laramie...
2026-02-05 17:43:46,766 - INFO -     Fetching detail: 2011 DODGE RAM 1500 PICK UP 4X4...
2026-02-05 17:43:49,241 - INFO -   Searching lansing for Ram 1500...
2026-02-05 17:43:51,518 - INFO -   Found 99 total, 0 new after filtering
2026-02-05 17:43:51,518 - INFO -   Searching toledo for Ram 1500...
2026-02-05 17:43:53,494 - INFO -   Found 99 total, 0 new after filtering
2026-02-05 17:43:53,494 - INFO -   Searching saginaw for Ram 1500...
2026-02-05 17:43:55,183 - INFO -   Found 99 total, 0 new after filtering
2026-02-05 17:43:55,183 - INFO -   Searching jackson for Ram 1500...
2026-02-05 17:43:56,708 - INFO -   Found 99 total, 0 new after filtering
2026-02-05 17:43:56,708 - INFO -   Searching flint for Ram 1500...
2026-02-05 17:43:58,142 - INFO -   Found 99 total, 0 new after filtering
2026-02-05 17:43:58,142 - INFO - 
Searching for Ford Ranger:
2026-02-05 17:43:58,142 - INFO -   Searching detroit for Ford Ranger...
2026-02-05 17:43:59,060 - INFO -   Found 9 total, 9 new after filtering
2026-02-05 17:43:59,060 - INFO -     Fetching detail: 2011 Ford Ranger XLT 4D 4x4 5-Speed Manual...
2026-02-05 17:44:01,075 - INFO -     Fetching detail: 2023 Ford Ranger XLT...
2026-02-05 17:44:03,142 - INFO -     Fetching detail: 2020 Ford Ranger XL 4x4 4dr SuperCrew 5.1 ft. SB...
2026-02-05 17:44:05,264 - INFO -     Fetching detail: 2023 Ford Ranger XLT...
2026-02-05 17:44:07,627 - INFO -     Fetching detail: 2023 Ford Ranger XLT...
2026-02-05 17:44:09,962 - INFO -     Fetching detail: 2020 Ford Ranger XL 4WD...
2026-02-05 17:44:12,094 - INFO -     Fetching detail: 2021 Ford Ranger XLT Supercrew 4X4...
2026-02-05 17:44:14,180 - INFO -     Fetching detail: 2020 Ford Ranger XLT 4WD SuperCrew...
2026-02-05 17:44:16,295 - INFO -     Fetching detail: 2023 Ford Ranger XLT Sport 4x4, low miles, one owner...
2026-02-05 17:44:18,470 - INFO -   Searching annarbor for Ford Ranger...
2026-02-05 17:44:19,939 - INFO -   Found 9 total, 0 new after filtering
2026-02-05 17:44:19,939 - INFO -   Searching lansing for Ford Ranger...
2026-02-05 17:44:20,870 - INFO -   Found 9 total, 0 new after filtering
2026-02-05 17:44:20,870 - INFO -   Searching toledo for Ford Ranger...
2026-02-05 17:44:22,107 - INFO -   Found 9 total, 0 new after filtering
2026-02-05 17:44:22,107 - INFO -   Searching saginaw for Ford Ranger...
2026-02-05 17:44:23,929 - INFO -   Found 9 total, 0 new after filtering
2026-02-05 17:44:23,930 - INFO -   Searching jackson for Ford Ranger...
2026-02-05 17:44:24,913 - INFO -   Found 9 total, 0 new after filtering
2026-02-05 17:44:24,913 - INFO -   Searching flint for Ford Ranger...
2026-02-05 17:44:25,920 - INFO -   Found 9 total, 0 new after filtering
2026-02-05 17:44:25,920 - INFO - 
Searching for Toyota Tundra:
2026-02-05 17:44:25,920 - INFO -   Searching detroit for Toyota Tundra...
2026-02-05 17:44:27,024 - INFO -   Found 7 total, 7 new after filtering
2026-02-05 17:44:27,024 - INFO -     Fetching detail: 2012 Toyota Tundra - 195,673 miles!...
2026-02-05 17:44:29,468 - INFO -     Fetching detail: 2014 Toyota tundra...
2026-02-05 17:44:31,632 - INFO -     Fetching detail: 2014 Toyota Tundra Limited Double Cab 4×4 – Clean Carfax!...
2026-02-05 17:44:33,948 - INFO -     Fetching detail: 2020 Toyota Tundra SR5 Sport Crew Max 4x4 - Clean Carfax!...
2026-02-05 17:44:35,891 - INFO -     Fetching detail: 2019 Toyota Tundra SR5 Double Cab 4x4 - Clean Carfax!...
2026-02-05 17:44:38,072 - INFO -     Fetching detail: 2016 Toyota Tundra Crew Cab 4x4!...
2026-02-05 17:44:40,191 - INFO -     Fetching detail: 2023 Toyota Tundra Platinum 4wd...
2026-02-05 17:44:42,247 - INFO -   Searching annarbor for Toyota Tundra...
2026-02-05 17:44:42,786 - INFO -   Found 7 total, 0 new after filtering
2026-02-05 17:44:42,787 - INFO -   Searching lansing for Toyota Tundra...
2026-02-05 17:44:43,631 - INFO -   Found 7 total, 0 new after filtering
2026-02-05 17:44:43,631 - INFO -   Searching toledo for Toyota Tundra...
2026-02-05 17:44:44,386 - INFO -   Found 7 total, 0 new after filtering
2026-02-05 17:44:44,386 - INFO -   Searching saginaw for Toyota Tundra...
2026-02-05 17:44:45,067 - INFO -   Found 7 total, 0 new after filtering
2026-02-05 17:44:45,067 - INFO -   Searching jackson for Toyota Tundra...
2026-02-05 17:44:45,959 - INFO -   Found 7 total, 0 new after filtering
2026-02-05 17:44:45,960 - INFO -   Searching flint for Toyota Tundra...
2026-02-05 17:44:46,883 - INFO -   Found 7 total, 0 new after filtering
2026-02-05 17:44:46,883 - INFO - 
Searching for Chevrolet Colorado:
2026-02-05 17:44:46,883 - INFO -   Searching detroit for Chevrolet Colorado...
2026-02-05 17:44:47,909 - INFO -   Found 15 total, 13 new after filtering
2026-02-05 17:44:47,909 - INFO -     Fetching detail: 2023 Chevrolet Colorado Z71 Crew Cab 4x4...
2026-02-05 17:44:50,024 - INFO -     Fetching detail: 2016 CHEVROLET COLORADO LT - GUARANTEED APPROVAL!...
2026-02-05 17:44:52,288 - INFO -     Fetching detail: 2016 Chevrolet Colorado Work Truck 4x4 4dr Extended Cab 6 ft...
2026-02-05 17:44:54,558 - INFO -     Fetching detail: 2024 Chevrolet Colorado Trail Boss 4WD...
2026-02-05 17:44:56,811 - INFO -     Fetching detail: 2015 CHEVROLET COLORADO...
2026-02-05 17:44:59,144 - INFO -     Fetching detail: 2016 Chevrolet Colorado Z71 4x4...
2026-02-05 17:45:01,604 - INFO -     Fetching detail: 2023 Chevrolet Colorado Z71 Crew Cab 4x4...
2026-02-05 17:45:04,155 - INFO -     Fetching detail: 2016 Chevrolet Colorado Extended Cab - Financing Available!...
2026-02-05 17:45:06,407 - INFO -     Fetching detail: Chevy Colorado 2012 crew cab...
2026-02-05 17:45:08,675 - INFO -     Fetching detail: 2025 Chevrolet Colorado Trail Boss 4WD...
2026-02-05 17:45:11,020 - INFO -     Fetching detail: 2020 CHEVROLET COLORADO...
2026-02-05 17:45:13,269 - INFO -     Fetching detail: 2023 Chevrolet Colorado Trail Boss 4WD...
2026-02-05 17:45:16,340 - INFO -     Fetching detail: 2017 Chevy Colorado 4 wneel drive V6 engine...
2026-02-05 17:45:18,432 - INFO -   Searching annarbor for Chevrolet Colorado...
2026-02-05 17:45:19,346 - INFO -   Found 15 total, 0 new after filtering
2026-02-05 17:45:19,346 - INFO -   Searching lansing for Chevrolet Colorado...
2026-02-05 17:45:20,370 - INFO -   Found 15 total, 0 new after filtering
2026-02-05 17:45:20,370 - INFO -   Searching toledo for Chevrolet Colorado...
2026-02-05 17:45:21,443 - INFO -   Found 15 total, 0 new after filtering
2026-02-05 17:45:21,443 - INFO -   Searching saginaw for Chevrolet Colorado...
2026-02-05 17:45:22,725 - INFO -   Found 15 total, 0 new after filtering
2026-02-05 17:45:22,725 - INFO -   Searching jackson for Chevrolet Colorado...
2026-02-05 17:45:23,770 - INFO -   Found 15 total, 0 new after filtering
2026-02-05 17:45:23,770 - INFO -   Searching flint for Chevrolet Colorado...
2026-02-05 17:45:25,111 - INFO -   Found 15 total, 0 new after filtering
2026-02-05 17:45:25,111 - INFO - 
Searching for Gmc Canyon:
2026-02-05 17:45:25,111 - INFO -   Searching detroit for Gmc Canyon...
2026-02-05 17:45:26,722 - INFO -   Found 2 total, 2 new after filtering
2026-02-05 17:45:26,722 - INFO -     Fetching detail: 2016 GMC Canyon SLT - Crew Cab - 4X4 - Clean Carfax - Financ...
2026-02-05 17:45:28,840 - INFO -     Fetching detail: 2022 GMC Canyon AT4 3.6L V6 4WD...
2026-02-05 17:45:30,958 - INFO -   Searching annarbor for Gmc Canyon...
2026-02-05 17:45:31,429 - INFO -   Found 2 total, 0 new after filtering
2026-02-05 17:45:31,429 - INFO -   Searching lansing for Gmc Canyon...
2026-02-05 17:45:32,335 - INFO -   Found 2 total, 0 new after filtering
2026-02-05 17:45:32,335 - INFO -   Searching toledo for Gmc Canyon...
2026-02-05 17:45:33,349 - INFO -   Found 2 total, 0 new after filtering
2026-02-05 17:45:33,349 - INFO -   Searching saginaw for Gmc Canyon...
2026-02-05 17:45:34,081 - INFO -   Found 2 total, 0 new after filtering
2026-02-05 17:45:34,081 - INFO -   Searching jackson for Gmc Canyon...
2026-02-05 17:45:34,901 - INFO -   Found 2 total, 0 new after filtering
2026-02-05 17:45:34,901 - INFO -   Searching flint for Gmc Canyon...
2026-02-05 17:45:35,832 - INFO -   Found 2 total, 0 new after filtering
2026-02-05 17:45:35,832 - INFO - 
Searching for Gmc Sierra:
2026-02-05 17:45:35,833 - INFO -   Searching detroit for Gmc Sierra...
2026-02-05 17:45:37,950 - INFO -   Found 53 total, 45 new after filtering
2026-02-05 17:45:37,950 - INFO -     Fetching detail: 2013 GMC SIERRA CREW CAB 4X4...
2026-02-05 17:45:40,101 - INFO -     Fetching detail: 2022 GMC SIERRA 1500 LIMITED DENALI 6.2L V8 4X4 1-OWNER &amp...
2026-02-05 17:45:42,233 - INFO -     Fetching detail: 2017 GMC Sierra 1500 SLT All Terrain Crew Cab 4x4 - 173,400 ...
2026-02-05 17:45:44,571 - INFO -     Fetching detail: 2021 GMC Sierra 3500 HD Dually Crew Cab 4x4 -  109,148 miles...
2026-02-05 17:45:46,635 - INFO -     Fetching detail: 2022 GMC Sierra 1500 AT4 6.2L V8 4WD...
2026-02-05 17:45:48,836 - INFO -     Fetching detail: 2019 GMC SIERRA 1500 SLT X31 OFF-ROAD V8 4X4. CLEAN CARFAX($...
2026-02-05 17:45:51,054 - INFO -     Fetching detail: GMC Sierra 2011...
2026-02-05 17:45:53,121 - INFO -     Fetching detail: 2018 GMC Sierra 1500 Double Cab 4x4 - 33K Miles!...
2026-02-05 17:45:55,254 - INFO -     Fetching detail: 2015 GMC Sierra 1500 Double Cab 4x4  -  120,995 miles!...
2026-02-05 17:45:57,639 - INFO -     Fetching detail: 2017 GMC Sierra 1500 Double Cab 4x4  -  146,363 miles!...
2026-02-05 17:45:59,636 - INFO -     Fetching detail: 2016 GMC Sierra 2500 HD Crew Cab...
2026-02-05 17:46:01,700 - INFO -     Fetching detail: 2017 GMC Sierra 1500 Regular Cab 4x4  - 131,808 miles!...
2026-02-05 17:46:03,639 - INFO -     Fetching detail: 2017 GMC Sierra 1500 Regular Cab 4x4  - 131,808 miles!...
2026-02-05 17:46:05,767 - INFO -     Fetching detail: 2023 GMC SIERRA 1500 DENALI 6.2L V8 4X4 CLEAN CARFAX ( $2495...
2026-02-05 17:46:07,719 - INFO -     Fetching detail: 2019 GMC Sierra 1500 Denali Crew Cab 4x4 - Clean Carfax &amp...
2026-02-05 17:46:10,004 - INFO -     Fetching detail: 2019 GMC Sierra 2500 HD Crew Cab 4x4 - Clean Carfax!...
2026-02-05 17:46:12,028 - INFO -     Fetching detail: 2014 GMC Sierra 1500  Base 4x2 2dr Regular Cab 8 ft. LB Pick...
2026-02-05 17:46:14,093 - INFO -     Fetching detail: 2012 GMC Sierra 2500HD 4x4...
2026-02-05 17:46:16,354 - INFO -     Fetching detail: 2020 GMC Sierra 2500HD Reg Cab Long Bed 4x4 – Clean Carfax &...
2026-02-05 17:46:18,481 - INFO -     Fetching detail: 2022 GMC SIERRA 1500 LIMITED DENALI 6.2L V8 4X4-1 OWNER &amp...
2026-02-05 17:46:20,643 - INFO -     Fetching detail: 2015 GMC Sierra 3500HD Denali Crew Cab Duramax Diesel 4x4 - ...
2026-02-05 17:46:22,762 - INFO -     Fetching detail: 2022 GMC Sierra 2500 HD Denali Crew Cab 4x4 – Duramax Diesel...
2026-02-05 17:46:24,819 - INFO -     Fetching detail: 2016 GMC Sierra 2500 Double Cab-4x4 - Duramax Diesel -Financ...
2026-02-05 17:46:26,828 - INFO -     Fetching detail: 2024 GMC Sierra 1500 Elevation Standard 4x4 4dr Double Cab 6...
2026-02-05 17:46:28,769 - INFO -     Fetching detail: 2016 GMC Sierra 2500 HD GFX All Terrain Crew Cab 4x4 - Duram...
2026-02-05 17:46:30,912 - INFO -     Fetching detail: 2020 GMC Sierra 1500 Denali Crew Cab 4x4 - Clean Carfax!...
2026-02-05 17:46:32,970 - INFO -     Fetching detail: 2024 GMC Sierra 1500 Denali Crew Cab 4x4 - Only 9K Miles!...
2026-02-05 17:46:35,318 - INFO -     Fetching detail: 2019 GMC Sierra 1500 SLE Crew Cab 4X4...
2026-02-05 17:46:37,657 - INFO -     Fetching detail: 2020 GMC SIERRA 2500 AT4...
2026-02-05 17:46:40,625 - INFO -     Fetching detail: 2013 GMC Sierra 1500 SLE 4x4 169k miles!...
2026-02-05 17:46:42,844 - INFO -     Fetching detail: 2019 GMC SIERRA 1500 ELEVATION 4X4 CREW CAB...
2026-02-05 17:46:45,126 - INFO -     Fetching detail: 2016 GMC Sierra 3500 with Western Tornado Snow Ploughing Kit...
2026-02-05 17:46:47,162 - INFO -     Fetching detail: 2018 GMC Sierra 1500 SLE FOR ONLY $450/mo...
2026-02-05 17:46:49,224 - INFO -     Fetching detail: 2021 GMC SIERRA AT4 3500...
2026-02-05 17:46:53,349 - INFO -     Fetching detail: 2022 GMC SIERRA 2500 AT4...
2026-02-05 17:46:56,012 - INFO -     Fetching detail: 2020 GMC SIERRA 1500 SLE 4X4 5.3 V8 FINANCE AVAILABLE...
2026-02-05 17:46:58,132 - INFO -     Fetching detail: 2012 GMC SIERRA  1500...
2026-02-05 17:47:00,102 - INFO -     Fetching detail: 2012 GMC SIERRA  1500...
2026-02-05 17:47:02,057 - INFO -     Fetching detail: 2017 GMC Sierra K3500HD...
2026-02-05 17:47:04,104 - INFO -     Fetching detail: 2021 GMC Denali 2500hd Duramax w/Air Bags...
2026-02-05 17:47:06,224 - INFO -     Fetching detail: 2020 GMC Sierra 1500 4WD Crew Cab...
2026-02-05 17:47:08,166 - INFO -     Fetching detail: 2021 GMC Sierra 2500HD 4x4 4WD Denali  4dr Crew Cab LB Picku...
2026-02-05 17:47:10,259 - INFO -     Fetching detail: 2024 GMC Sierra 1500 4WD Crew Cab 157 SLE...
2026-02-05 17:47:12,570 - INFO -     Fetching detail: KODIAK EDITION! 2017 GMC Sierra 1500 SLE Ext. Cab 4WD...
2026-02-05 17:47:14,857 - INFO -     Fetching detail: KODIAK EDITION! 2017 GMC Sierra 1500 SLE Ext. Cab 4WD...
2026-02-05 17:47:17,268 - INFO -   Searching annarbor for Gmc Sierra...
2026-02-05 17:47:18,087 - INFO -   Found 53 total, 0 new after filtering
2026-02-05 17:47:18,087 - INFO -   Searching lansing for Gmc Sierra...
2026-02-05 17:47:19,085 - INFO -   Found 53 total, 0 new after filtering
2026-02-05 17:47:19,086 - INFO -   Searching toledo for Gmc Sierra...
2026-02-05 17:47:20,728 - INFO -   Found 53 total, 0 new after filtering
2026-02-05 17:47:20,728 - INFO -   Searching saginaw for Gmc Sierra...
2026-02-05 17:47:22,280 - INFO -   Found 53 total, 0 new after filtering
2026-02-05 17:47:22,280 - INFO -   Searching jackson for Gmc Sierra...
2026-02-05 17:47:23,443 - INFO -   Found 53 total, 0 new after filtering
2026-02-05 17:47:23,443 - INFO -   Searching flint for Gmc Sierra...
2026-02-05 17:47:24,903 - INFO -   Found 53 total, 0 new after filtering
2026-02-05 17:47:24,904 - INFO - 
Phase 2 complete: 308 additional unique listings
2026-02-05 17:47:24,904 - INFO - Total listings: 318
2026-02-05 17:47:24,904 - INFO - Total detail pages fetched: 318
2026-02-05 17:47:24,904 - INFO - New listings saved to DB: 305
2026-02-05 17:47:24,904 - INFO - New listings: 318
Traceback (most recent call last):
  File "/opt/openclaw/.openclaw/workspace/truck-market/scraper_v2.py", line 832, in <module>
  File "/opt/openclaw/.openclaw/workspace/truck-market/scraper_v2.py", line 760, in main
    new_count = len(listings)  # approximate since incremental
                                     ^^^^^^^^^^^^
NameError: name 'update_count' is not defined
