2026-02-05 17:32:50,379 - INFO - ======================================================================
2026-02-05 17:32:50,379 - INFO - TRUCK MARKET SCRAPER V2
2026-02-05 17:32:50,379 - INFO - ======================================================================
2026-02-05 17:32:50,380 - INFO - Database initialized from schema.sql
2026-02-05 17:32:50,380 - INFO - === PHASE 1: General Truck Search ===
2026-02-05 17:32:50,380 - INFO -   Searching detroit for Truck...
2026-02-05 17:32:51,836 - INFO -   Found 70 total, 10 new after filtering
2026-02-05 17:32:51,836 - INFO -     Fetching detail: 2021 CHEVROLET SILVERADO 1500 Work Truck4WD...
2026-02-05 17:32:53,946 - INFO -     Fetching detail: 2017 Chevrolet Silverado 3500HD Dually Work Truck Duramax Di...
2026-02-05 17:32:56,301 - INFO -     Fetching detail: 2017 Chevrolet Silverado 3500HD Dually Work Truck Duramax Di...
2026-02-05 17:32:58,759 - INFO -     Fetching detail: 2017 Chevrolet Silverado 3500HD Dually Work Truck Duramax Di...
2026-02-05 17:33:01,319 - INFO -     Fetching detail: 2019 Chevy Colorado Work Truck Crew Cab 4x4 -  157,302 miles...
2026-02-05 17:33:03,644 - INFO -     Fetching detail: 2023 Chevrolet Silverado 1500 - 47,000 Miles - 12 Months war...
2026-02-05 17:33:06,307 - INFO -     Fetching detail: 2020 Chevrolet Colorado WT 4WD V6...
2026-02-05 17:33:08,363 - INFO -     Fetching detail: 2022 Chevrolet Silverado 1500 Work Truck 2.7L 4WD...
2026-02-05 17:33:10,729 - INFO -     Fetching detail: 2021 CHEVY SILVERADO 4DRS 4X4 SCHUSTER A S 7444 FREMONT PIKE...
2026-02-05 17:33:12,965 - INFO -     Fetching detail: 2022 Chevrolet Colorado Ext. Cab - 53K MILES - 12 MONTHS WAR...
/opt/openclaw/.openclaw/workspace/truck-market/scraper_v2.py:164: DeprecationWarning: datetime.datetime.utcnow() is deprecated and scheduled for removal in a future version. Use timezone-aware objects to represent datetimes in UTC: datetime.datetime.now(datetime.UTC).
  now = datetime.utcnow().isoformat()
Traceback (most recent call last):
  File "/opt/openclaw/.openclaw/workspace/truck-market/scraper_v2.py", line 832, in <module>
    main()
    ~~~~^^
  File "/opt/openclaw/.openclaw/workspace/truck-market/scraper_v2.py", line 754, in main
    listings = scraper.scrape_all(db=db)
  File "/opt/openclaw/.openclaw/workspace/truck-market/scraper_v2.py", line 633, in scrape_all
    if db.insert_listing(listing):
       ~~~~~~~~~~~~~~~~~^^^^^^^^^
  File "/opt/openclaw/.openclaw/workspace/truck-market/scraper_v2.py", line 180, in insert_listing
    cursor.execute("""
    ~~~~~~~~~~~~~~^^^^
        UPDATE listings SET
        ^^^^^^^^^^^^^^^^^^^
    ...<15 lines>...
        price_per_mile, now, now, listing_id
        ^^^^^^^^^^^^^^^^^^^^^^^^^^^^^^^^^^^^
    ))
    ^^
sqlite3.OperationalError: no such column: primary_image_url
