2026-02-05 17:35:29,770 - INFO - ======================================================================
2026-02-05 17:35:29,770 - INFO - TRUCK MARKET SCRAPER V2
2026-02-05 17:35:29,770 - INFO - ======================================================================
2026-02-05 17:35:29,811 - INFO - Database initialized from schema.sql
2026-02-05 17:35:29,812 - INFO - === PHASE 1: General Truck Search ===
2026-02-05 17:35:29,812 - INFO -   Searching detroit for Truck...
2026-02-05 17:35:31,263 - INFO -   Found 70 total, 10 new after filtering
2026-02-05 17:35:31,263 - INFO -     Fetching detail: 2021 CHEVROLET SILVERADO 1500 Work Truck4WD...
2026-02-05 17:35:33,469 - INFO -     Fetching detail: 2017 Chevrolet Silverado 3500HD Dually Work Truck Duramax Di...
2026-02-05 17:35:36,557 - INFO -     Fetching detail: 2017 Chevrolet Silverado 3500HD Dually Work Truck Duramax Di...
2026-02-05 17:35:38,912 - INFO -     Fetching detail: 2017 Chevrolet Silverado 3500HD Dually Work Truck Duramax Di...
2026-02-05 17:35:41,267 - INFO -     Fetching detail: 2019 Chevy Colorado Work Truck Crew Cab 4x4 -  157,302 miles...
2026-02-05 17:35:43,828 - INFO -     Fetching detail: 2023 Chevrolet Silverado 1500 - 47,000 Miles - 12 Months war...
2026-02-05 17:35:46,080 - INFO -     Fetching detail: 2020 Chevrolet Colorado WT 4WD V6...
2026-02-05 17:35:48,353 - INFO -     Fetching detail: 2022 Chevrolet Silverado 1500 Work Truck 2.7L 4WD...
2026-02-05 17:35:50,658 - INFO -     Fetching detail: 2021 CHEVY SILVERADO 4DRS 4X4 SCHUSTER A S 7444 FREMONT PIKE...
2026-02-05 17:35:52,906 - INFO -     Fetching detail: 2022 Chevrolet Colorado Ext. Cab - 53K MILES - 12 MONTHS WAR...
/opt/openclaw/.openclaw/workspace/truck-market/scraper_v2.py:164: DeprecationWarning: datetime.datetime.utcnow() is deprecated and scheduled for removal in a future version. Use timezone-aware objects to represent datetimes in UTC: datetime.datetime.now(datetime.UTC).
  now = datetime.utcnow().isoformat()
2026-02-05 17:35:55,262 - INFO -   Searching annarbor for Truck...
2026-02-05 17:35:56,427 - INFO -   Found 70 total, 0 new after filtering
2026-02-05 17:35:56,427 - INFO -   Searching lansing for Truck...
2026-02-05 17:35:58,097 - INFO -   Found 70 total, 0 new after filtering
2026-02-05 17:35:58,097 - INFO -   Searching toledo for Truck...
2026-02-05 17:35:59,533 - INFO -   Found 70 total, 0 new after filtering
2026-02-05 17:35:59,533 - INFO -   Searching saginaw for Truck...
2026-02-05 17:36:00,994 - INFO -   Found 70 total, 0 new after filtering
2026-02-05 17:36:00,994 - INFO -   Searching jackson for Truck...
2026-02-05 17:36:01,970 - INFO -   Found 70 total, 0 new after filtering
2026-02-05 17:36:01,970 - INFO -   Searching flint for Truck...
2026-02-05 17:36:02,965 - INFO -   Found 70 total, 0 new after filtering
2026-02-05 17:36:02,965 - INFO - Phase 1 complete: 10 unique listings
2026-02-05 17:36:02,965 - INFO - Detail pages fetched so far: 10
2026-02-05 17:36:02,965 - INFO - 
=== PHASE 2: Model-Specific Searches ===
2026-02-05 17:36:02,965 - INFO - 
Searching for Nissan Frontier:
2026-02-05 17:36:02,965 - INFO -   Searching detroit for Nissan Frontier...
2026-02-05 17:36:03,742 - INFO -   Found 2 total, 2 new after filtering
2026-02-05 17:36:03,743 - INFO -     Fetching detail: 2017 Nissan Frontier Pro - 4X - 154,101 miles!...
2026-02-05 17:36:05,858 - INFO -     Fetching detail: 2016 NISSAN FRONTIER SV CREW CAB...
2026-02-05 17:36:07,880 - INFO -   Searching annarbor for Nissan Frontier...
2026-02-05 17:36:08,540 - INFO -   Found 2 total, 0 new after filtering
2026-02-05 17:36:08,540 - INFO -   Searching lansing for Nissan Frontier...
2026-02-05 17:36:09,482 - INFO -   Found 2 total, 0 new after filtering
2026-02-05 17:36:09,483 - INFO -   Searching toledo for Nissan Frontier...
2026-02-05 17:36:10,717 - INFO -   Found 2 total, 0 new after filtering
2026-02-05 17:36:10,717 - INFO -   Searching saginaw for Nissan Frontier...
2026-02-05 17:36:11,680 - INFO -   Found 2 total, 0 new after filtering
2026-02-05 17:36:11,680 - INFO -   Searching jackson for Nissan Frontier...
2026-02-05 17:36:12,707 - INFO -   Found 2 total, 0 new after filtering
2026-02-05 17:36:12,707 - INFO -   Searching flint for Nissan Frontier...
2026-02-05 17:36:13,764 - INFO -   Found 2 total, 0 new after filtering
2026-02-05 17:36:13,764 - INFO - 
Searching for Toyota Tacoma:
2026-02-05 17:36:13,765 - INFO -   Searching detroit for Toyota Tacoma...
2026-02-05 17:36:15,292 - INFO -   Found 3 total, 1 new after filtering
2026-02-05 17:36:15,292 - INFO -     Fetching detail: 2016 toyato tacoma...
2026-02-05 17:36:17,454 - INFO -   Searching annarbor for Toyota Tacoma...
2026-02-05 17:36:18,142 - INFO -   Found 3 total, 0 new after filtering
2026-02-05 17:36:18,142 - INFO -   Searching lansing for Toyota Tacoma...
2026-02-05 17:36:19,312 - INFO -   Found 3 total, 0 new after filtering
2026-02-05 17:36:19,312 - INFO -   Searching toledo for Toyota Tacoma...
2026-02-05 17:36:20,389 - INFO -   Found 3 total, 0 new after filtering
2026-02-05 17:36:20,389 - INFO -   Searching saginaw for Toyota Tacoma...
2026-02-05 17:36:21,542 - INFO -   Found 3 total, 0 new after filtering
2026-02-05 17:36:21,543 - INFO -   Searching jackson for Toyota Tacoma...
2026-02-05 17:36:22,661 - INFO -   Found 3 total, 0 new after filtering
2026-02-05 17:36:22,661 - INFO -   Searching flint for Toyota Tacoma...
2026-02-05 17:36:23,796 - INFO -   Found 3 total, 0 new after filtering
2026-02-05 17:36:23,796 - INFO - 
Searching for Ford F-150:
2026-02-05 17:36:23,796 - INFO -   Searching detroit for Ford F-150...
2026-02-05 17:36:25,057 - INFO -   Found 78 total, 72 new after filtering
2026-02-05 17:36:25,057 - INFO -   Limiting to 50 detail page fetches (of 72)
2026-02-05 17:36:25,057 - INFO -     Fetching detail: 2014 FORD F-150 XLT...
2026-02-05 17:36:27,038 - INFO -     Fetching detail: 2015 Ford F150 XLT 4x4 only 149k miles!...
2026-02-05 17:36:28,982 - INFO -     Fetching detail: 2018 Ford F150 XLT 4x4 5.0L V8 140k miles...
2026-02-05 17:36:30,902 - INFO -     Fetching detail: 2014 Ford F-150 Platinum Crew Cab 4x4 - 159,950 miles!...
2026-02-05 17:36:33,061 - INFO -     Fetching detail: 2015 Ford F-150 Lariat 5.0L V8 4WD...
2026-02-05 17:36:35,210 - INFO -     Fetching detail: 2018 Ford F-150 XLT Extended Cab 4x4 -  186,440 miles!...
2026-02-05 17:36:37,238 - INFO -     Fetching detail: 2013 Ford F-150 F150 F 150  Guaranteed Credit Approval!  &am...
2026-02-05 17:36:39,300 - INFO -     Fetching detail: 2015 Ford F150 F 150 F-150 XLT FOR ONLY $338/mo...
2026-02-05 17:36:41,460 - INFO -     Fetching detail: 2018 Ford F-150 F150 F 150  Guaranteed Credit Approval!  &am...
2026-02-05 17:36:43,600 - INFO -     Fetching detail: 2014 Ford F-150...
2026-02-05 17:36:45,749 - INFO -     Fetching detail: 2021 Ford F-150 XLT...
2026-02-05 17:36:47,959 - INFO -     Fetching detail: 2019 Ford F150 Crew SPORT Long Bed(6.5 ft) Magma Red/Black R...
2026-02-05 17:36:50,080 - INFO -     Fetching detail: 2020 Ford F150 XL 114k miles RWD...
2026-02-05 17:36:52,099 - INFO -     Fetching detail: 2023 Ford F-150 XLT...
2026-02-05 17:36:54,093 - INFO -     Fetching detail: 2022 Ford F-150 XLT 3.5L V6 Hybrid 4WD...
2026-02-05 17:36:56,429 - INFO -     Fetching detail: 2013 Ford F-150...
2026-02-05 17:36:59,296 - INFO -     Fetching detail: 2017 FORD F-150 F150 F 150 RAPTOR - GUARANTEED APPROVAL!...
2026-02-05 17:37:01,754 - INFO -     Fetching detail: 2019 Ford F-150 XLT...
2026-02-05 17:37:04,110 - INFO -     Fetching detail: 2018 Ford F-150 Super Crew 4 x4...
2026-02-05 17:37:06,336 - INFO -     Fetching detail: 2013 FORD F150 LIMITED SUPERCREW CAB 4x4 - TOP OF THE LINE -...
2026-02-05 17:37:08,611 - INFO -     Fetching detail: 2019 Ford F-150 F150 F 150  Guaranteed Credit Approval!  &am...
2026-02-05 17:37:10,652 - INFO -     Fetching detail: 2018 FORD F-150 XL...
2026-02-05 17:37:12,854 - INFO -     Fetching detail: 2014 Ford F-150 XLT Crew Cab 4x4 - 138,997 miles!...
2026-02-05 17:37:14,985 - INFO -     Fetching detail: 2014 Ford F-150 XLT Crew Cab 4x4 - 138,997 miles!...
2026-02-05 17:37:17,202 - INFO -     Fetching detail: 2012 Ford F-150 Lariat Crew Cab 4x4 - 101K Miles &amp; Clean...
2026-02-05 17:37:19,437 - INFO -     Fetching detail: 2023 FORD F150 STX 2.7L 6 cil 6 1/2 bad...
2026-02-05 17:37:21,467 - INFO -     Fetching detail: 2014 Ford F-150 4x4 4WD F150 Crew cab SVT Raptor  4dr SuperC...
2026-02-05 17:37:23,649 - INFO -     Fetching detail: 2023 Ford F-150 XLT...
2026-02-05 17:37:25,919 - INFO -     Fetching detail: 2011 F-150 XLT 6.5&#39; Bed...
2026-02-05 17:37:28,210 - INFO -     Fetching detail: 2017 Ford F150 XLT RWD 5.0L V8...
2026-02-05 17:37:30,122 - INFO -     Fetching detail: 2018 Ford F150 XLT pickup Ingot Silver Metallic...
2026-02-05 17:37:32,981 - INFO -     Fetching detail: 2016 Ford F-150 XL SuperCab- 68K MILES - 12 MONTHS WARRANTY...
2026-02-05 17:37:35,457 - INFO -     Fetching detail: 2014 Ford F-150 FX4 Crew Cab 4x4!...
2026-02-05 17:37:37,459 - INFO -     Fetching detail: 2016 Ford F150 XL pickup Black...
2026-02-05 17:37:39,633 - INFO -     Fetching detail: 2012 FORD F-150 SVT RAPTOR 4X4 6.2L...
2026-02-05 17:37:41,996 - INFO -     Fetching detail: 2014 Ford F-150 F150 F 150  Guaranteed Credit Approval!  &am...
2026-02-05 17:37:45,069 - INFO -     Fetching detail: 2016 Ford F-150 XL 8-ft. Bed 2WD...
2026-02-05 17:37:47,219 - INFO -     Fetching detail: 2023 Ford F-150 XLT 2.7L V6 4WD...
2026-02-05 17:37:49,452 - INFO -     Fetching detail: 2012 Ford F150, 4 x 4...
2026-02-05 17:37:51,800 - INFO -     Fetching detail: 2018 f150 super cab...
2026-02-05 17:37:53,900 - INFO -     Fetching detail: 2011 Ford F-150...
2026-02-05 17:37:55,996 - INFO -     Fetching detail: 2012 Ford F-150 FX4 Crew Cab 4x4!...
2026-02-05 17:37:58,095 - INFO -     Fetching detail: 2024 Ford F-150 XL...
2026-02-05 17:38:00,195 - INFO -     Fetching detail: 2013 Ford F150 XLT...
2026-02-05 17:38:02,887 - INFO -     Fetching detail: 2021 Ford F150 - 5.0 Coyote...
2026-02-05 17:38:06,780 - INFO -     Fetching detail: 2012 Ford F-150 XL...
2026-02-05 17:38:09,542 - INFO -     Fetching detail: Used 2013 Ford F-150 XLT...
2026-02-05 17:38:12,094 - INFO -     Fetching detail: 2017 Ford F150 F 150 F-150 XLT FOR ONLY $428/mo...
2026-02-05 17:38:14,097 - INFO -     Fetching detail: 2014 Ford F-150 FX4 Crew Cab 4x4 - Clean Carfax &amp; 140K M...
2026-02-05 17:38:16,577 - INFO -     Fetching detail: 2018 Ford F-150 XLT 6.5-ft. Bed 4WD...
2026-02-05 17:38:18,988 - INFO -   Searching annarbor for Ford F-150...
2026-02-05 17:38:20,304 - INFO -   Found 79 total, 23 new after filtering
2026-02-05 17:38:20,304 - INFO -     Fetching detail: 2012 Ford F-150 FX4 Crew Cab 4x4!...
2026-02-05 17:38:22,722 - INFO -     Fetching detail: 2017 Ford F-150 XLT SuperCrew 6.5-ft. Bed 4WD...
2026-02-05 17:38:25,197 - INFO -     Fetching detail: 2023 Ford F-150 XLT...
2026-02-05 17:38:27,463 - INFO -     Fetching detail: 2015 Ford F-150 XLT...
2026-02-05 17:38:30,023 - INFO -     Fetching detail: 2015 f150 lariat V/8...
2026-02-05 17:38:32,435 - INFO -     Fetching detail: 2011 Ford F150 Limited...
2026-02-05 17:38:35,016 - INFO -     Fetching detail: 2013 Ford F-150 V8 5.0L XLT 4x4...
2026-02-05 17:38:37,373 - INFO -     Fetching detail: 2016 Ford F150 XLT Sport 4x4...
2026-02-05 17:38:39,543 - INFO -     Fetching detail: 2019 Ford F-150 4x4 4WD F150 Crew cab XLT  4dr SuperCrew 5.5...
2026-02-05 17:38:42,004 - INFO -     Fetching detail: 2020 Ford F150 XLT...
2026-02-05 17:38:44,430 - INFO -     Fetching detail: 2024 Ford F-150 XLT 3.5L V6 Hybrid 4WD...
2026-02-05 17:38:46,816 - INFO -     Fetching detail: 2019 ford f150 xlt...
2026-02-05 17:38:49,552 - INFO -     Fetching detail: 2016 Ford F150 XLT RWD Supercab 6cyl...
2026-02-05 17:38:52,011 - INFO -     Fetching detail: 2022 Ford F-150 XLT...
2026-02-05 17:38:54,368 - INFO -     Fetching detail: 2013 Ford F-150 XLT...
2026-02-05 17:38:56,663 - INFO -     Fetching detail: 2011 RAPTOR SVT 123K MILES...
2026-02-05 17:38:59,081 - INFO -     Fetching detail: 2012 FORD F-150 XL 4X4 SUPERCAB...
2026-02-05 17:39:01,356 - INFO -     Fetching detail: 2011 Ford F150 Super Cab Lariat...
2026-02-05 17:39:03,474 - INFO -     Fetching detail: 2013 Ford F150(4x4)...
2026-02-05 17:39:05,735 - INFO -     Fetching detail: 2018 Ford F-150 XL, a robust and versatile pickup truck that...
2026-02-05 17:39:08,085 - INFO -     Fetching detail: 2017 Ford F-150 XLT...
2026-02-05 17:39:10,369 - INFO -     Fetching detail: WE FINANCE! 2017 Ford F-150 XLT SuperCrew Sport 4WD...
2026-02-05 17:39:12,724 - INFO -     Fetching detail: 2018 FORD F-150 XLT 4X4 FINANCE AVAILABLE...
2026-02-05 17:39:15,132 - INFO -   Searching lansing for Ford F-150...
2026-02-05 17:39:16,524 - INFO -   Found 79 total, 0 new after filtering
2026-02-05 17:39:16,524 - INFO -   Searching toledo for Ford F-150...
2026-02-05 17:39:17,951 - INFO -   Found 79 total, 0 new after filtering
2026-02-05 17:39:17,951 - INFO -   Searching saginaw for Ford F-150...
2026-02-05 17:39:19,133 - INFO -   Found 79 total, 0 new after filtering
2026-02-05 17:39:19,133 - INFO -   Searching jackson for Ford F-150...
2026-02-05 17:39:20,464 - INFO -   Found 79 total, 0 new after filtering
2026-02-05 17:39:20,464 - INFO -   Searching flint for Ford F-150...
2026-02-05 17:39:21,800 - INFO -   Found 79 total, 0 new after filtering
2026-02-05 17:39:21,800 - INFO - 
Searching for Chevrolet Silverado:
2026-02-05 17:39:21,800 - INFO -   Searching detroit for Chevrolet Silverado...
2026-02-05 17:39:23,409 - INFO -   Found 90 total, 67 new after filtering
2026-02-05 17:39:23,409 - INFO -   Limiting to 50 detail page fetches (of 67)
2026-02-05 17:39:23,409 - INFO -     Fetching detail: 2019 CHEVROLET SILVERADO 1500 LTZ 4X4 V8...
2026-02-05 17:39:25,630 - INFO -     Fetching detail: 2018 Chevrolet Silverado 1500  FOR...
2026-02-05 17:39:27,850 - INFO -     Fetching detail: 2012 Chevy Silverado 1500 LT 4X4...
2026-02-05 17:39:30,309 - INFO -     Fetching detail: 2015 Chevrolet Chevy SILVERADO 2500 HEAVY DUTY...
2026-02-05 17:39:32,794 - INFO -     Fetching detail: 2019 CHEVROLET SILVERADO 1500 LD...
2026-02-05 17:39:35,046 - INFO -     Fetching detail: 2020 Chevrolet Chevy SILVERADO 2500 HEAVY DUTY LT...
2026-02-05 17:39:37,268 - INFO -     Fetching detail: 2017 Chevrolet Silverado 1500 LT Double Cab 4x4 50K Miles!...
2026-02-05 17:39:39,452 - INFO -     Fetching detail: 2020 Chevrolet Silverado 2500HD LT Crew Cab 4x4 - Duramax Di...
2026-02-05 17:39:41,768 - INFO -     Fetching detail: 2020 CHEVROLET SILVERADO 1500 LT TRAIL BOSS 5.3L 4X4 ($1795*...
2026-02-05 17:39:43,716 - INFO -     Fetching detail: 2014 CHEVROLET SILVERADO 1500 Z71...
2026-02-05 17:39:45,926 - INFO -     Fetching detail: 2013 Chevrolet Silverado 2500HD LT 4x4 4dr Crew Cab LB 44538...
2026-02-05 17:39:48,154 - INFO -     Fetching detail: 2019 Chevrolet Silverado 1500 Custom Crew Cab 4x4 - 97K Mile...
2026-02-05 17:39:50,510 - INFO -     Fetching detail: 2015 Chevy CHEVROLET SILVERADO 1500 CREW CAB LT PICKUP 4D 5 ...
2026-02-05 17:39:54,101 - INFO -     Fetching detail: 2012 CHEVROLET SILVERADO 1500 LT - GUARANTEED APPROVAL!...
2026-02-05 17:39:56,941 - INFO -     Fetching detail: 2014 CHEVROLET SILVERADO 2500 HD LTZ - GUARANTEED APPROVAL!...
2026-02-05 17:39:59,107 - INFO -     Fetching detail: 2012 Chevy Silverado Z71 4x4...
2026-02-05 17:40:01,335 - INFO -     Fetching detail: 2016 Chevrolet Silverado 1500 LT Double Cab 4x4!...
2026-02-05 17:40:03,669 - INFO -     Fetching detail: 2019 Chevrolet Silverado 1500 LT Double Cab 4x4 - 61K Miles!...
2026-02-05 17:40:05,739 - INFO -     Fetching detail: 2022 CHEVROLET SILVERADO 2500 CUSTOM  6.6L V8 DIESEL. CLEAN ...
2026-02-05 17:40:07,952 - INFO -     Fetching detail: 2019 Chevrolet Chevy Silverado 1500  Guaranteed Credit Appro...
2026-02-05 17:40:10,205 - INFO -     Fetching detail: 2013 chevrolet silverado 1500...
2026-02-05 17:40:12,810 - INFO -     Fetching detail: 2025 Chevrolet Silverado reg cab / short bed rare rare...
2026-02-05 17:40:15,897 - INFO -     Fetching detail: 2013 Chevrolet Silverado 1500 LS 4x4 4dr Extended Cab 6.5 ft...
2026-02-05 17:40:17,873 - INFO -     Fetching detail: 2019 Chevrolet Silverado 1500 4WD Crew Cab 147 LT...
2026-02-05 17:40:20,104 - INFO -     Fetching detail: 2018 Chevrolet Chevy SILVERADO 2500 HEAVY DUTY LTZ...
2026-02-05 17:40:22,161 - INFO -     Fetching detail: 2019 CHEVROLET SILVERADO 1500 LT V8 5.3L...
2026-02-05 17:40:24,387 - INFO -     Fetching detail: 2017 CHEVROLET SILVERADO LT 4X4 5.3L...
2026-02-05 17:40:26,323 - INFO -     Fetching detail: 2014 Chevrolet Silverado 1500 LT FOR...
2026-02-05 17:40:28,206 - INFO -     Fetching detail: 2016 Chevrolet Silverado 1500 LT FOR...
2026-02-05 17:40:30,553 - INFO -     Fetching detail: 2019 Chevrolet Silverado 1500 LTZ FOR ONLY $495/mo...
2026-02-05 17:40:32,777 - INFO -     Fetching detail: 2022 Chevrolet Silverado...
2026-02-05 17:40:34,835 - INFO -     Fetching detail: 2012 Chevrolet Silverado 1500...
2026-02-05 17:40:37,413 - INFO -     Fetching detail: 2018 CHEVROLET SILVERADO 1500 LT...
2026-02-05 17:40:39,795 - INFO -     Fetching detail: 2011 Chevrolet Silverado 1500 LT Regular Cab - Clean Carfax ...
2026-02-05 17:40:41,868 - INFO -     Fetching detail: 2014 Chevy Silverado rwd 4.3 v-6 dual cab...
2026-02-05 17:40:44,098 - INFO -     Fetching detail: CLEAN 2016 Silverado...
2026-02-05 17:40:46,221 - INFO -     Fetching detail: 2021 Chevy Chevrolet Silverado 1500 LT pickup Black...
2026-02-05 17:40:49,602 - INFO -     Fetching detail: 2021 CHEVROLET SILVERADO 2500HD LT Z71 6.6L V8 4X4 CLEAN CAR...
2026-02-05 17:40:51,710 - INFO -     Fetching detail: 2013 Chevrolet Silverado 1500 Work Truck 2WD...
2026-02-05 17:40:53,871 - INFO -     Fetching detail: 2017 CHEVROLET SILVERADO 1500...
2026-02-05 17:40:56,350 - INFO -     Fetching detail: 2015 Chevrolet Silverado 2500HD LTZ Crew Cab 4x4 - Duramax D...
2026-02-05 17:40:58,817 - INFO -     Fetching detail: 2019 CHEVROLET SILVERADO 1500 RST 5.3L V8 4X4 ( $1495*DN ) C...
2026-02-05 17:41:01,275 - INFO -     Fetching detail: 2025 Chevrolet Silverado 1500 RST 4WD...
2026-02-05 17:41:03,527 - INFO -     Fetching detail: 2019 Chevrolet Chevy SILVERADO 2500 HEAVY DUTY LT...
2026-02-05 17:41:05,987 - INFO -     Fetching detail: 2015 Chevrolet Chevy Silverado 1500  Guaranteed Credit Appro...
2026-02-05 17:41:08,107 - INFO -     Fetching detail: 2023 Chevrolet Silverado 2500HD Duramax Diesel Z-71 4x4 Crew...
2026-02-05 17:41:10,388 - INFO -     Fetching detail: 2022 Chevrolet Chevy SILVERADO 2500 CUSTOM...
2026-02-05 17:41:12,320 - INFO -     Fetching detail: 2015 Chevy 2500 4x4 pickup...
2026-02-05 17:41:14,587 - INFO -     Fetching detail: 2017 Chevrolet Chevy SILVERADO 3500 LTZ...
2026-02-05 17:41:17,047 - INFO -     Fetching detail: 2011 CHEVROLET SILVERADO LS 1500 4X4 CREW CAB...
2026-02-05 17:41:19,854 - INFO -   Searching annarbor for Chevrolet Silverado...
2026-02-05 17:41:21,151 - INFO -   Found 90 total, 17 new after filtering
2026-02-05 17:41:21,151 - INFO -     Fetching detail: 2022 Chevrolet Chevy Silverado 2500HD High Country 4x4 4dr C...
2026-02-05 17:41:23,482 - INFO -     Fetching detail: 2014 CHEVROLET SILVERADO 1500 Z71 2WD FINANCE AVAILABLE...
2026-02-05 17:41:25,853 - INFO -     Fetching detail: 2020 Chevrolet Chevy Silverado 2500HD LTZ 4x4 4dr Crew Cab L...
2026-02-05 17:41:28,209 - INFO -     Fetching detail: 2020 Chevrolet Chevy Silverado 3500HD LT 4x4 4dr Crew Cab LB...
2026-02-05 17:41:30,218 - INFO -     Fetching detail: 2024 Chevrolet Silverado 1500 High Country 6.2L V8 4WD...
2026-02-05 17:41:32,273 - INFO -     Fetching detail: 2021 Chevrolet Chevy SILVERADO 2500 HEAVY DUTY LTZ...
2026-02-05 17:41:34,456 - INFO -     Fetching detail: 2014 SILVERADO CREW Z71 98K MILES...
2026-02-05 17:41:36,519 - INFO -     Fetching detail: 2020 Chevrolet Chevy Silverado 2500HD LT 4x4 4dr Crew Cab SB...
2026-02-05 17:41:38,745 - INFO -     Fetching detail: 2020 Chevrolet Chevy Silverado 3500HD LTZ 4x4 4dr Crew Cab S...
2026-02-05 17:41:40,854 - INFO -     Fetching detail: 2020 Chevrolet Chevy Silverado 3500HD LTZ 4x4 4dr Crew Cab L...
2026-02-05 17:41:43,028 - INFO -     Fetching detail: 2012 CHEVROLET SILVERADO EXT CAB 4X4...
2026-02-05 17:41:45,309 - INFO -     Fetching detail: 2016 Chevrolet Silverado 1500 LT Pickup 4D 5 3/4 ft...
2026-02-05 17:41:47,329 - INFO -     Fetching detail: 2019 Chevrolet Silverado 1500 LD Work Truck 4x4 4dr Double C...
2026-02-05 17:41:49,562 - INFO -     Fetching detail: 2020 Chevrolet Silverado 1500 Work Truck Pickup 4D 6 1/2 ft...
2026-02-05 17:41:51,594 - INFO -     Fetching detail: 2018 Chevrolet Chevy Silverado 3500HD High Country 4x4 4dr C...
2026-02-05 17:41:53,890 - INFO -     Fetching detail: WE FINANCE! 2019 Chevrolet Silverado 1500 LD 4WD Double Cab ...
2026-02-05 17:41:56,268 - INFO -     Fetching detail: WE FINANCE! 2019 Chevrolet Silverado 1500 LD 4WD Double Cab ...
2026-02-05 17:41:58,718 - INFO -   Searching lansing for Chevrolet Silverado...
2026-02-05 17:42:00,517 - INFO -   Found 90 total, 0 new after filtering
2026-02-05 17:42:00,517 - INFO -   Searching toledo for Chevrolet Silverado...
2026-02-05 17:42:02,240 - INFO -   Found 90 total, 0 new after filtering
2026-02-05 17:42:02,240 - INFO -   Searching saginaw for Chevrolet Silverado...
2026-02-05 17:42:03,941 - INFO -   Found 90 total, 0 new after filtering
2026-02-05 17:42:03,941 - INFO -   Searching jackson for Chevrolet Silverado...
2026-02-05 17:42:05,391 - INFO -   Found 90 total, 0 new after filtering
2026-02-05 17:42:05,392 - INFO -   Searching flint for Chevrolet Silverado...
2026-02-05 17:42:06,534 - INFO -   Found 90 total, 0 new after filtering
2026-02-05 17:42:06,534 - INFO - 
Searching for Ram 1500:
2026-02-05 17:42:06,534 - INFO -   Searching detroit for Ram 1500...
2026-02-05 17:42:07,889 - INFO -   Found 99 total, 89 new after filtering
2026-02-05 17:42:07,889 - INFO -   Limiting to 50 detail page fetches (of 89)
2026-02-05 17:42:07,889 - INFO -     Fetching detail: 2014 Ram 1500 Tradesman 4X4...
2026-02-05 17:42:09,821 - INFO -     Fetching detail: 2015 Ram 1500 Sport Quad cab 4x4 - 181,762 miles!...
2026-02-05 17:42:11,956 - INFO -     Fetching detail: 2022 RAM 1500 Classic Warlock 3.6L V6 4WD...
2026-02-05 17:42:14,166 - INFO -     Fetching detail: 2015 Ram 1500 Tradesman Crew Cab 4x4 - 135,420 miles!...
2026-02-05 17:42:16,646 - INFO -     Fetching detail: 2012 Ram 1500 Laramie Longhorn Crew Cab 4x4 - Clean Carfax!...
2026-02-05 17:42:18,900 - INFO -     Fetching detail: 2012 Ram 1500 Sport Quad Cab 4x4 - 157,978 miles!...
2026-02-05 17:42:21,492 - INFO -     Fetching detail: 2014 Ram 1500 Crew Cab Outdoorsman 6ft bed...
2026-02-05 17:42:25,038 - INFO -     Fetching detail: 2014 Ram 1500 Tradesman Quad Cab 4x4 - 105K Miles!...
2026-02-05 17:42:27,400 - INFO -     Fetching detail: 2016 Ram 1500 Sport Crew Cab 4x4 -  212,698 miles!...
2026-02-05 17:42:29,625 - INFO -     Fetching detail: 2018 Ram 1500 Big Horn Crew Cab 4x4 -  140,763 miles!...
2026-02-05 17:42:32,037 - INFO -     Fetching detail: 2018 RAM 1500 BIG HORN 4WD...
2026-02-05 17:42:34,237 - INFO -     Fetching detail: 2018 Ram 1500 Sport Crew Cab 4x4 - Clean Carfax!...
2026-02-05 17:42:36,894 - INFO -     Fetching detail: 2019 Ram 1500 Big Horn Crew Cab 4x4 -  138,737 miles!...
2026-02-05 17:42:38,840 - INFO -     Fetching detail: 2021 Ram 1500 Classic Warlock Crew Cab 4x4 -  123,802 miles!...
2026-02-05 17:42:41,122 - INFO -     Fetching detail: 2017 Ram 1500 Big Horn Crew Cab 4x4 - Clean Carfax!...
2026-02-05 17:42:43,308 - INFO -     Fetching detail: 2021 RAM 1500 Big Horn 4x4 4dr Quad Cab 6.4 ft. SB Pickup EV...
2026-02-05 17:42:45,731 - INFO -     Fetching detail: 2014 Ram 1500 Limited Crew Cab 4x4 - 168K Miles!...
2026-02-05 17:42:48,026 - INFO -     Fetching detail: 2013 Ram 1500 Laramie Longhorn Crew Cab 4x4!...
2026-02-05 17:42:50,199 - INFO -     Fetching detail: 2018 Ram 1500 Sport Crew Cab 4x4 - Clean Carfax &amp; 104K M...
2026-02-05 17:42:52,255 - INFO -     Fetching detail: 2018 Ram 1500 Outdoorsman Crew Cab 4x4 - 147K Miles!...
2026-02-05 17:42:54,460 - INFO -     Fetching detail: 2014 Ram 1500 Outdoorsman Crew Cab 4x4 - 106K Miles &amp; Cl...
2026-02-05 17:42:56,658 - INFO -     Fetching detail: 2018 RAM 1500 Sport  Guaranteed Credit Approval!...
2026-02-05 17:42:58,890 - INFO -     Fetching detail: 2013 RAM 1500 Tradesman Quad Cab 4x4 -  22,963 miles!...
2026-02-05 17:43:00,959 - INFO -     Fetching detail: 2014 Ram 1500 Longhorn - Powerful &amp; Luxurious Pickup...
2026-02-05 17:43:03,447 - INFO -     Fetching detail: 2017 Dodge Ram 1500 Tradesman Double Cab 4x4 - 139K Miles!...
2026-02-05 17:43:05,774 - INFO -     Fetching detail: 2017 Dodge Ram 1500 Tradesman Double Cab 4x4 - 139K Miles!...
2026-02-05 17:43:08,198 - INFO -     Fetching detail: 2013 Ram 1500 Laramie Crew Cab 4x4 - Clean Carfax!...
2026-02-05 17:43:10,448 - INFO -     Fetching detail: 2015 Ram 1500 Sport Crew Cab 4x4 - Clean Carfax!...
2026-02-05 17:43:12,444 - INFO -     Fetching detail: 2015 Ram 1500 Sport Crew Cab 4x4 - Clean Carfax!...
2026-02-05 17:43:14,583 - INFO -     Fetching detail: 2019 Dodge Ram 1500 Sport Crew Cab 4x4 - Clean Carfax!...
2026-02-05 17:43:16,666 - INFO -     Fetching detail: 2019 Ram Big Horn Crew Cab 4X4 20” Chromes Electric Blue NO ...
2026-02-05 17:43:19,049 - INFO -     Fetching detail: 2024 RAM 1500 Big Horn/Lone Star 3.6L V6 Hybrid 4WD...
2026-02-05 17:43:21,139 - INFO -     Fetching detail: 2011 Ram 1500 ST 4x4 4dr Quad Cab 6.3 ft. SB Pickup...
2026-02-05 17:43:23,212 - INFO -     Fetching detail: 2015 RAM 1500 EXPRESS - GUARANTEED APPROVAL!...
2026-02-05 17:43:25,538 - INFO -     Fetching detail: 2018 RAM 1500 SPORT NIGHT EDITION - GUARANTEED APPROVAL!...
2026-02-05 17:43:27,695 - INFO -     Fetching detail: 2019 Ram 1500 Limited Crew Cab 4x4 - 158K Miles!...
2026-02-05 17:43:29,949 - INFO -     Fetching detail: 2017 RAM 1500 DS  Guaranteed Credit Approval!...
2026-02-05 17:43:32,300 - INFO -     Fetching detail: 2019 RAM 1500 REBEL 5.7L HEMI 4X4 CLEAN CARFAX ( $1495*DN ) ...
2026-02-05 17:43:34,580 - INFO -     Fetching detail: 2014 Ram 1500 Laramie Longhorn Crew Cab 4x4 - Clean Carfax!...
2026-02-05 17:43:36,920 - INFO -     Fetching detail: 2013 Ram 1500 Sport Crew Cab 4x4 - Only 80K Miles!...
2026-02-05 17:43:38,953 - INFO -     Fetching detail: 2017 RAM 1500 DS  Guaranteed Credit Approval!...
2026-02-05 17:43:41,207 - INFO -     Fetching detail: 2022 RAM 1500 Classic Tradesman 4x2 4dr Quad Cab 6.3 ft. SB ...
2026-02-05 17:43:43,481 - INFO -     Fetching detail: 2021 RAM 1500 Big Horn/Lone Star 5.7L V8 4WD...
2026-02-05 17:43:45,822 - INFO -     Fetching detail: 2016 Ram 1500 Sport Crew Cab 4x4 - 142K Miles!...
2026-02-05 17:43:48,096 - INFO -     Fetching detail: 2014 Ram 1500 Tradesman Quad Cab 4x4 - Clean Carfax!...
2026-02-05 17:43:50,452 - INFO -     Fetching detail: 2012 Ram 1500 Big Horn Crew Cab 4x4 - 146K Miles!...
2026-02-05 17:43:52,781 - INFO -     Fetching detail: 2018 Ram 1500 Big Horn Crew Cab 4x4 - 117K Miles!...
2026-02-05 17:43:55,004 - INFO -     Fetching detail: 2021 RAM 1500 4x4 4WD Dodge Big Horn  4dr Crew Cab 5.6 ft. S...
2026-02-05 17:43:57,182 - INFO -     Fetching detail: 2014 RAM 1500 Outdoorsman Quad Cab 4x4 - 109,398 miles!...
2026-02-05 17:43:59,209 - INFO -     Fetching detail: 2011 Dodge Ram SLT.HEMI  4x4. 150k. Sharp truck...
2026-02-05 17:44:01,468 - INFO -   Searching annarbor for Ram 1500...
2026-02-05 17:44:02,239 - INFO -   Found 99 total, 39 new after filtering
2026-02-05 17:44:02,239 - INFO -     Fetching detail: 2015 Dodge RAM SLT. Hemi.  140k miles. Very clean...
2026-02-05 17:44:04,245 - INFO -     Fetching detail: 2015 Ram 1500 Quad Cab Big Horn 1 Owner...
2026-02-05 17:44:06,275 - INFO -     Fetching detail: 2021 Ram 1500 Classic Warlock pickup Diamond Black Crystal P...
2026-02-05 17:44:08,530 - INFO -     Fetching detail: 2013 RAM 1500 Big Horn Pickup 4D 5 1/2 ft...
2026-02-05 17:44:10,708 - INFO -     Fetching detail: 2017 Ram 1500 Rebel Crew Cab 4x4 - 77K Miles!...
2026-02-05 17:44:13,186 - INFO -     Fetching detail: 2017 Ram 1500 Express Quad Cab 4x4 - Clean Carfax!...
2026-02-05 17:44:15,512 - INFO -     Fetching detail: 2015 Dodge RAM SLT. Hemi.  140k miles. Very clean...
2026-02-05 17:44:17,794 - INFO -     Fetching detail: 2011 Dodge Ram SLT.HEMI  4x4. 150k. Sharp truck...
2026-02-05 17:44:20,141 - INFO -     Fetching detail: 2021 Ram Promaster 1500...
2026-02-05 17:44:22,185 - INFO -     Fetching detail: 2015 RAM 1500 SPORT 4X4 5.7L...
2026-02-05 17:44:24,516 - INFO -     Fetching detail: 2020 Ram 1500 Limited pickup Ivory White Tri-Coat Pearlcoat...
2026-02-05 17:44:26,486 - INFO -     Fetching detail: 2016 Ram 1500 Express SHORT BOX 4x4!! CLEAN!!...
2026-02-05 17:44:28,751 - INFO -     Fetching detail: 2015 Ram 1500 Outdoorsman SLT 4x4 crew cab!...
2026-02-05 17:44:31,077 - INFO -     Fetching detail: 2021 RAM 1500 BIG HORN EXTENDED CAB...
2026-02-05 17:44:33,330 - INFO -     Fetching detail: 2014 RAM 1500  Guaranteed Credit Approval!...
2026-02-05 17:44:35,536 - INFO -     Fetching detail: 2021 RAM 1500 LARAMIE 4X4 LOADED 15K FINANCE AVAILABLE...
2026-02-05 17:44:37,765 - INFO -     Fetching detail: 2019 RAM 1500  Guaranteed Credit Approval!...
2026-02-05 17:44:39,863 - INFO -     Fetching detail: 2015 RAM 1500 Express 4x4 4dr Quad Cab 6.3 ft. SB Pickup...
2026-02-05 17:44:41,803 - INFO -     Fetching detail: 2015 RAM 1500 Express 4x4 4dr Crew Cab 5.5 ft. SB Pickup...
2026-02-05 17:44:44,040 - INFO -     Fetching detail: 2012 RAM 1500 SLT Pickup 4D 5 1/2 ft...
2026-02-05 17:44:46,011 - INFO -     Fetching detail: 2016 RAM 1500  Guaranteed Credit Approval!...
2026-02-05 17:44:48,037 - INFO -     Fetching detail: 2017 Ram 1500 Express Crew Cab 4x4 - 123K Miles!...
2026-02-05 17:44:50,227 - INFO -     Fetching detail: 2017 RAM 1500 Express 4x4 Crew Cab 57 Box...
2026-02-05 17:44:52,489 - INFO -     Fetching detail: 2017 RAM 1500  Guaranteed Credit Approval!...
2026-02-05 17:44:54,764 - INFO -     Fetching detail: 2023 RAM PROMASTER 1500 136&quot; WB - High Roof...
2026-02-05 17:44:57,016 - INFO -     Fetching detail: 2012 DODGE RAM 1500 QUAD CAB SPORT...
2026-02-05 17:44:59,268 - INFO -     Fetching detail: 2014 RAM Big Horn 4x4 4dr Crew Cab 6.3 ft. SB Pickup...
2026-02-05 17:45:01,496 - INFO -     Fetching detail: 2019 Ram Promaster Handicap Van...
2026-02-05 17:45:03,744 - INFO -     Fetching detail: 2014 DODGE RAM 1500 LARAMIE LONGHORN 132K $17995...
2026-02-05 17:45:05,747 - INFO -     Fetching detail: 2015 Ram 1500 Laramie LOADED NICE 4x4!...
2026-02-05 17:45:08,059 - INFO -     Fetching detail: 2015 Dodge Ram...
2026-02-05 17:45:10,328 - INFO -     Fetching detail: 2014 Dodge Ram 1500...
2026-02-05 17:45:12,450 - INFO -     Fetching detail: 2020 Ram 1500 Limited...
2026-02-05 17:45:14,885 - INFO -     Fetching detail: 2012 Dodge Ram Truck 1500...
2026-02-05 17:45:16,957 - INFO -     Fetching detail: 2019 RAM 1500 Crew Cab Laramie 5.7 Hemi V8...
2026-02-05 17:45:19,136 - INFO -     Fetching detail: 2014 Ram 1500 Express CREW CAB Hemi 4x4 WOW!...
2026-02-05 17:45:21,256 - INFO -     Fetching detail: 2014 Dodge Ram Express 4x4 4dr Quad Cab 6.3 ft. SB Pickup...
2026-02-05 17:45:23,444 - INFO -     Fetching detail: 2013 Ram Laramie...
2026-02-05 17:45:25,550 - INFO -     Fetching detail: 2011 DODGE RAM 1500 PICK UP 4X4...
2026-02-05 17:45:28,170 - INFO -   Searching lansing for Ram 1500...
2026-02-05 17:45:29,998 - INFO -   Found 99 total, 0 new after filtering
2026-02-05 17:45:29,998 - INFO -   Searching toledo for Ram 1500...
2026-02-05 17:45:31,199 - INFO -   Found 99 total, 0 new after filtering
2026-02-05 17:45:31,199 - INFO -   Searching saginaw for Ram 1500...
2026-02-05 17:45:32,363 - INFO -   Found 99 total, 0 new after filtering
2026-02-05 17:45:32,363 - INFO -   Searching jackson for Ram 1500...
2026-02-05 17:45:33,800 - INFO -   Found 99 total, 0 new after filtering
2026-02-05 17:45:33,800 - INFO -   Searching flint for Ram 1500...
2026-02-05 17:45:34,906 - INFO -   Found 99 total, 0 new after filtering
2026-02-05 17:45:34,906 - INFO - 
Searching for Ford Ranger:
2026-02-05 17:45:34,906 - INFO -   Searching detroit for Ford Ranger...
2026-02-05 17:45:36,141 - INFO -   Found 9 total, 9 new after filtering
2026-02-05 17:45:36,141 - INFO -     Fetching detail: 2011 Ford Ranger XLT 4D 4x4 5-Speed Manual...
2026-02-05 17:45:38,092 - INFO -     Fetching detail: 2023 Ford Ranger XLT...
2026-02-05 17:45:40,438 - INFO -     Fetching detail: 2020 Ford Ranger XL 4x4 4dr SuperCrew 5.1 ft. SB...
2026-02-05 17:45:42,659 - INFO -     Fetching detail: 2023 Ford Ranger XLT...
2026-02-05 17:45:44,708 - INFO -     Fetching detail: 2023 Ford Ranger XLT...
2026-02-05 17:45:46,786 - INFO -     Fetching detail: 2020 Ford Ranger XL 4WD...
2026-02-05 17:45:49,023 - INFO -     Fetching detail: 2021 Ford Ranger XLT Supercrew 4X4...
2026-02-05 17:45:51,158 - INFO -     Fetching detail: 2020 Ford Ranger XLT 4WD SuperCrew...
2026-02-05 17:45:53,239 - INFO -     Fetching detail: 2023 Ford Ranger XLT Sport 4x4, low miles, one owner...
2026-02-05 17:45:55,368 - INFO -   Searching annarbor for Ford Ranger...
2026-02-05 17:45:55,984 - INFO -   Found 9 total, 0 new after filtering
2026-02-05 17:45:55,984 - INFO -   Searching lansing for Ford Ranger...
2026-02-05 17:45:57,440 - INFO -   Found 9 total, 0 new after filtering
2026-02-05 17:45:57,440 - INFO -   Searching toledo for Ford Ranger...
2026-02-05 17:45:58,207 - INFO -   Found 9 total, 0 new after filtering
2026-02-05 17:45:58,207 - INFO -   Searching saginaw for Ford Ranger...
2026-02-05 17:45:59,101 - INFO -   Found 9 total, 0 new after filtering
2026-02-05 17:45:59,101 - INFO -   Searching jackson for Ford Ranger...
2026-02-05 17:46:00,068 - INFO -   Found 9 total, 0 new after filtering
2026-02-05 17:46:00,068 - INFO -   Searching flint for Ford Ranger...
2026-02-05 17:46:00,874 - INFO -   Found 9 total, 0 new after filtering
2026-02-05 17:46:00,874 - INFO - 
Searching for Toyota Tundra:
2026-02-05 17:46:00,874 - INFO -   Searching detroit for Toyota Tundra...
2026-02-05 17:46:01,837 - INFO -   Found 7 total, 7 new after filtering
2026-02-05 17:46:01,837 - INFO -     Fetching detail: 2012 Toyota Tundra - 195,673 miles!...
2026-02-05 17:46:03,791 - INFO -     Fetching detail: 2014 Toyota tundra...
2026-02-05 17:46:05,891 - INFO -     Fetching detail: 2014 Toyota Tundra Limited Double Cab 4×4 – Clean Carfax!...
2026-02-05 17:46:07,926 - INFO -     Fetching detail: 2020 Toyota Tundra SR5 Sport Crew Max 4x4 - Clean Carfax!...
2026-02-05 17:46:10,133 - INFO -     Fetching detail: 2019 Toyota Tundra SR5 Double Cab 4x4 - Clean Carfax!...
2026-02-05 17:46:12,192 - INFO -     Fetching detail: 2016 Toyota Tundra Crew Cab 4x4!...
2026-02-05 17:46:14,308 - INFO -     Fetching detail: 2023 Toyota Tundra Platinum 4wd...
2026-02-05 17:46:16,642 - INFO -   Searching annarbor for Toyota Tundra...
2026-02-05 17:46:17,168 - INFO -   Found 7 total, 0 new after filtering
2026-02-05 17:46:17,168 - INFO -   Searching lansing for Toyota Tundra...
2026-02-05 17:46:18,220 - INFO -   Found 7 total, 0 new after filtering
2026-02-05 17:46:18,221 - INFO -   Searching toledo for Toyota Tundra...
2026-02-05 17:46:20,180 - INFO -   Found 7 total, 0 new after filtering
2026-02-05 17:46:20,181 - INFO -   Searching saginaw for Toyota Tundra...
2026-02-05 17:46:21,389 - INFO -   Found 7 total, 0 new after filtering
2026-02-05 17:46:21,389 - INFO -   Searching jackson for Toyota Tundra...
2026-02-05 17:46:22,529 - INFO -   Found 7 total, 0 new after filtering
2026-02-05 17:46:22,530 - INFO -   Searching flint for Toyota Tundra...
2026-02-05 17:46:23,673 - INFO -   Found 7 total, 0 new after filtering
2026-02-05 17:46:23,674 - INFO - 
Searching for Chevrolet Colorado:
2026-02-05 17:46:23,674 - INFO -   Searching detroit for Chevrolet Colorado...
2026-02-05 17:46:24,824 - INFO -   Found 15 total, 13 new after filtering
2026-02-05 17:46:24,824 - INFO -     Fetching detail: 2023 Chevrolet Colorado Z71 Crew Cab 4x4...
2026-02-05 17:46:26,772 - INFO -     Fetching detail: 2016 CHEVROLET COLORADO LT - GUARANTEED APPROVAL!...
2026-02-05 17:46:28,672 - INFO -     Fetching detail: 2016 Chevrolet Colorado Work Truck 4x4 4dr Extended Cab 6 ft...
2026-02-05 17:46:30,793 - INFO -     Fetching detail: 2024 Chevrolet Colorado Trail Boss 4WD...
2026-02-05 17:46:32,855 - INFO -     Fetching detail: 2015 CHEVROLET COLORADO...
2026-02-05 17:46:35,092 - INFO -     Fetching detail: 2016 Chevrolet Colorado Z71 4x4...
2026-02-05 17:46:37,270 - INFO -     Fetching detail: 2023 Chevrolet Colorado Z71 Crew Cab 4x4...
2026-02-05 17:46:39,478 - INFO -     Fetching detail: 2016 Chevrolet Colorado Extended Cab - Financing Available!...
2026-02-05 17:46:41,704 - INFO -     Fetching detail: Chevy Colorado 2012 crew cab...
2026-02-05 17:46:43,695 - INFO -     Fetching detail: 2025 Chevrolet Colorado Trail Boss 4WD...
2026-02-05 17:46:45,776 - INFO -     Fetching detail: 2020 CHEVROLET COLORADO...
2026-02-05 17:46:47,789 - INFO -     Fetching detail: 2023 Chevrolet Colorado Trail Boss 4WD...
2026-02-05 17:46:50,422 - INFO -     Fetching detail: 2017 Chevy Colorado 4 wneel drive V6 engine...
2026-02-05 17:46:54,346 - INFO -   Searching annarbor for Chevrolet Colorado...
2026-02-05 17:46:55,167 - INFO -   Found 15 total, 0 new after filtering
2026-02-05 17:46:55,167 - INFO -   Searching lansing for Chevrolet Colorado...
2026-02-05 17:46:56,532 - INFO -   Found 15 total, 0 new after filtering
2026-02-05 17:46:56,532 - INFO -   Searching toledo for Chevrolet Colorado...
2026-02-05 17:46:58,225 - INFO -   Found 15 total, 0 new after filtering
2026-02-05 17:46:58,226 - INFO -   Searching saginaw for Chevrolet Colorado...
2026-02-05 17:46:59,304 - INFO -   Found 15 total, 0 new after filtering
2026-02-05 17:46:59,304 - INFO -   Searching jackson for Chevrolet Colorado...
2026-02-05 17:47:00,388 - INFO -   Found 15 total, 0 new after filtering
2026-02-05 17:47:00,389 - INFO -   Searching flint for Chevrolet Colorado...
2026-02-05 17:47:01,782 - INFO -   Found 15 total, 0 new after filtering
2026-02-05 17:47:01,782 - INFO - 
Searching for Gmc Canyon:
2026-02-05 17:47:01,782 - INFO -   Searching detroit for Gmc Canyon...
2026-02-05 17:47:02,641 - INFO -   Found 2 total, 2 new after filtering
2026-02-05 17:47:02,641 - INFO -     Fetching detail: 2016 GMC Canyon SLT - Crew Cab - 4X4 - Clean Carfax - Financ...
2026-02-05 17:47:05,351 - INFO -     Fetching detail: 2022 GMC Canyon AT4 3.6L V6 4WD...
2026-02-05 17:47:07,358 - INFO -   Searching annarbor for Gmc Canyon...
2026-02-05 17:47:07,852 - INFO -   Found 2 total, 0 new after filtering
2026-02-05 17:47:07,852 - INFO -   Searching lansing for Gmc Canyon...
2026-02-05 17:47:08,756 - INFO -   Found 2 total, 0 new after filtering
2026-02-05 17:47:08,756 - INFO -   Searching toledo for Gmc Canyon...
2026-02-05 17:47:09,893 - INFO -   Found 2 total, 0 new after filtering
2026-02-05 17:47:09,893 - INFO -   Searching saginaw for Gmc Canyon...
2026-02-05 17:47:10,951 - INFO -   Found 2 total, 0 new after filtering
2026-02-05 17:47:10,951 - INFO -   Searching jackson for Gmc Canyon...
2026-02-05 17:47:12,400 - INFO -   Found 2 total, 0 new after filtering
2026-02-05 17:47:12,401 - INFO -   Searching flint for Gmc Canyon...
2026-02-05 17:47:13,446 - INFO -   Found 2 total, 0 new after filtering
2026-02-05 17:47:13,447 - INFO - 
Searching for Gmc Sierra:
2026-02-05 17:47:13,447 - INFO -   Searching detroit for Gmc Sierra...
2026-02-05 17:47:15,467 - INFO -   Found 53 total, 45 new after filtering
2026-02-05 17:47:15,467 - INFO -     Fetching detail: 2013 GMC SIERRA CREW CAB 4X4...
2026-02-05 17:47:17,420 - INFO -     Fetching detail: 2022 GMC SIERRA 1500 LIMITED DENALI 6.2L V8 4X4 1-OWNER &amp...
2026-02-05 17:47:19,473 - INFO -     Fetching detail: 2017 GMC Sierra 1500 SLT All Terrain Crew Cab 4x4 - 173,400 ...
2026-02-05 17:47:21,893 - INFO -     Fetching detail: 2021 GMC Sierra 3500 HD Dually Crew Cab 4x4 -  109,148 miles...
2026-02-05 17:47:23,993 - INFO -     Fetching detail: 2022 GMC Sierra 1500 AT4 6.2L V8 4WD...
2026-02-05 17:47:26,213 - INFO -     Fetching detail: 2019 GMC SIERRA 1500 SLT X31 OFF-ROAD V8 4X4. CLEAN CARFAX($...
2026-02-05 17:47:28,342 - INFO -     Fetching detail: GMC Sierra 2011...
2026-02-05 17:47:30,302 - INFO -     Fetching detail: 2018 GMC Sierra 1500 Double Cab 4x4 - 33K Miles!...
2026-02-05 17:47:32,697 - INFO -     Fetching detail: 2015 GMC Sierra 1500 Double Cab 4x4  -  120,995 miles!...
2026-02-05 17:47:34,918 - INFO -     Fetching detail: 2017 GMC Sierra 1500 Double Cab 4x4  -  146,363 miles!...
2026-02-05 17:47:37,442 - INFO -     Fetching detail: 2016 GMC Sierra 2500 HD Crew Cab...
2026-02-05 17:47:40,350 - INFO -     Fetching detail: 2017 GMC Sierra 1500 Regular Cab 4x4  - 131,808 miles!...
2026-02-05 17:47:42,676 - INFO -     Fetching detail: 2017 GMC Sierra 1500 Regular Cab 4x4  - 131,808 miles!...
2026-02-05 17:47:44,737 - INFO -     Fetching detail: 2023 GMC SIERRA 1500 DENALI 6.2L V8 4X4 CLEAN CARFAX ( $2495...
2026-02-05 17:47:46,853 - INFO -     Fetching detail: 2019 GMC Sierra 1500 Denali Crew Cab 4x4 - Clean Carfax &amp...
2026-02-05 17:47:49,860 - INFO -     Fetching detail: 2019 GMC Sierra 2500 HD Crew Cab 4x4 - Clean Carfax!...
2026-02-05 17:47:52,164 - INFO -     Fetching detail: 2014 GMC Sierra 1500  Base 4x2 2dr Regular Cab 8 ft. LB Pick...
2026-02-05 17:47:54,353 - INFO -     Fetching detail: 2012 GMC Sierra 2500HD 4x4...
2026-02-05 17:47:56,259 - INFO -     Fetching detail: 2020 GMC Sierra 2500HD Reg Cab Long Bed 4x4 – Clean Carfax &...
2026-02-05 17:47:58,448 - INFO -     Fetching detail: 2022 GMC SIERRA 1500 LIMITED DENALI 6.2L V8 4X4-1 OWNER &amp...
2026-02-05 17:48:01,422 - INFO -     Fetching detail: 2015 GMC Sierra 3500HD Denali Crew Cab Duramax Diesel 4x4 - ...
2026-02-05 17:48:03,655 - INFO -     Fetching detail: 2022 GMC Sierra 2500 HD Denali Crew Cab 4x4 – Duramax Diesel...
2026-02-05 17:48:06,129 - INFO -     Fetching detail: 2016 GMC Sierra 2500 Double Cab-4x4 - Duramax Diesel -Financ...
2026-02-05 17:48:09,296 - INFO -     Fetching detail: 2024 GMC Sierra 1500 Elevation Standard 4x4 4dr Double Cab 6...
2026-02-05 17:48:13,205 - INFO -     Fetching detail: 2016 GMC Sierra 2500 HD GFX All Terrain Crew Cab 4x4 - Duram...
2026-02-05 17:48:15,652 - INFO -     Fetching detail: 2020 GMC Sierra 1500 Denali Crew Cab 4x4 - Clean Carfax!...
2026-02-05 17:48:18,140 - INFO -     Fetching detail: 2024 GMC Sierra 1500 Denali Crew Cab 4x4 - Only 9K Miles!...
2026-02-05 17:48:20,700 - INFO -     Fetching detail: 2019 GMC Sierra 1500 SLE Crew Cab 4X4...
2026-02-05 17:48:23,259 - INFO -     Fetching detail: 2020 GMC SIERRA 2500 AT4...
2026-02-05 17:48:25,923 - INFO -     Fetching detail: 2013 GMC Sierra 1500 SLE 4x4 169k miles!...
2026-02-05 17:48:28,451 - INFO -     Fetching detail: 2019 GMC SIERRA 1500 ELEVATION 4X4 CREW CAB...
2026-02-05 17:48:30,735 - INFO -     Fetching detail: 2016 GMC Sierra 3500 with Western Tornado Snow Ploughing Kit...
2026-02-05 17:48:32,952 - INFO -     Fetching detail: 2018 GMC Sierra 1500 SLE FOR ONLY $450/mo...
2026-02-05 17:48:35,110 - INFO -     Fetching detail: 2021 GMC SIERRA AT4 3500...
2026-02-05 17:48:37,361 - INFO -     Fetching detail: 2022 GMC SIERRA 2500 AT4...
2026-02-05 17:48:39,509 - INFO -     Fetching detail: 2020 GMC SIERRA 1500 SLE 4X4 5.3 V8 FINANCE AVAILABLE...
2026-02-05 17:48:41,745 - INFO -     Fetching detail: 2012 GMC SIERRA  1500...
2026-02-05 17:48:43,947 - INFO -     Fetching detail: 2012 GMC SIERRA  1500...
2026-02-05 17:48:46,507 - INFO -     Fetching detail: 2017 GMC Sierra K3500HD...
2026-02-05 17:48:48,757 - INFO -     Fetching detail: 2021 GMC Denali 2500hd Duramax w/Air Bags...
2026-02-05 17:48:50,911 - INFO -     Fetching detail: 2020 GMC Sierra 1500 4WD Crew Cab...
2026-02-05 17:48:53,468 - INFO -     Fetching detail: 2021 GMC Sierra 2500HD 4x4 4WD Denali  4dr Crew Cab LB Picku...
2026-02-05 17:48:55,801 - INFO -     Fetching detail: 2024 GMC Sierra 1500 4WD Crew Cab 157 SLE...
2026-02-05 17:48:58,425 - INFO -     Fetching detail: KODIAK EDITION! 2017 GMC Sierra 1500 SLE Ext. Cab 4WD...
2026-02-05 17:49:01,112 - INFO -     Fetching detail: KODIAK EDITION! 2017 GMC Sierra 1500 SLE Ext. Cab 4WD...
2026-02-05 17:49:05,029 - INFO -   Searching annarbor for Gmc Sierra...
2026-02-05 17:49:06,076 - INFO -   Found 53 total, 0 new after filtering
2026-02-05 17:49:06,076 - INFO -   Searching lansing for Gmc Sierra...
2026-02-05 17:49:07,900 - INFO -   Found 53 total, 0 new after filtering
2026-02-05 17:49:07,900 - INFO -   Searching toledo for Gmc Sierra...
2026-02-05 17:49:09,507 - INFO -   Found 53 total, 0 new after filtering
2026-02-05 17:49:09,507 - INFO -   Searching saginaw for Gmc Sierra...
2026-02-05 17:49:11,261 - INFO -   Found 53 total, 0 new after filtering
2026-02-05 17:49:11,261 - INFO -   Searching jackson for Gmc Sierra...
2026-02-05 17:49:12,583 - INFO -   Found 53 total, 0 new after filtering
2026-02-05 17:49:12,583 - INFO -   Searching flint for Gmc Sierra...
2026-02-05 17:49:14,060 - INFO -   Found 53 total, 0 new after filtering
2026-02-05 17:49:14,061 - INFO - 
Phase 2 complete: 308 additional unique listings
2026-02-05 17:49:14,061 - INFO - Total listings: 318
2026-02-05 17:49:14,061 - INFO - Total detail pages fetched: 318
2026-02-05 17:49:14,061 - INFO - New listings saved to DB: 13
2026-02-05 17:49:14,061 - INFO - New listings: 318
Traceback (most recent call last):
  File "/opt/openclaw/.openclaw/workspace/truck-market/scraper_v2.py", line 835, in <module>
    main()
    ~~~~^^
  File "/opt/openclaw/.openclaw/workspace/truck-market/scraper_v2.py", line 763, in main
    logger.info(f"Updated listings: {update_count}")
                                     ^^^^^^^^^^^^
NameError: name 'update_count' is not defined
